

Microchip MPLAB XC8 Assembler V2.31 build 20201012212115 
                                                                                               Wed Feb 03 20:00:35 2021

Microchip MPLAB XC8 C Compiler v2.31 (Free license) build 20201012212115 Og1 
     1                           	processor	16F887
     2                           	pagewidth 120
     3                           	opt	flic
     4                           	psect	idataCOMMON,global,class=CODE,delta=2,noexec
     5                           	psect	idataBANK0,global,class=CODE,delta=2,noexec
     6                           	psect	cinit,global,class=CODE,merge=1,delta=2
     7                           	psect	bssCOMMON,global,class=COMMON,space=1,delta=1,noexec
     8                           	psect	dataCOMMON,global,class=COMMON,space=1,delta=1,noexec
     9                           	psect	dataBANK0,global,class=BANK0,space=1,delta=1,noexec
    10                           	psect	inittext,global,class=CODE,delta=2
    11                           	psect	cstackCOMMON,global,class=COMMON,space=1,delta=1,noexec
    12                           	psect	maintext,global,class=CODE,split=1,delta=2
    13                           	psect	text1,local,class=CODE,merge=1,delta=2
    14                           	psect	text2,local,class=CODE,merge=1,delta=2
    15                           	psect	text3,local,class=CODE,merge=1,delta=2
    16                           	psect	text4,local,class=CODE,merge=1,delta=2
    17                           	psect	text5,local,class=CODE,merge=1,delta=2
    18                           	psect	intentry,global,class=CODE,delta=2
    19                           	psect	config,global,abs,ovrld,class=CONFIG,space=4,delta=2,noexec
    20                           	dabs	1,0x7E,2
    21  0000                     
    22                           ; Version 2.20
    23                           ; Generated 12/02/2020 GMT
    24                           ; 
    25                           ; Copyright © 2020, Microchip Technology Inc. and its subsidiaries ("Microchip")
    26                           ; All rights reserved.
    27                           ; 
    28                           ; This software is developed by Microchip Technology Inc. and its subsidiaries ("Microch
      +                          ip").
    29                           ; 
    30                           ; Redistribution and use in source and binary forms, with or without modification, are
    31                           ; permitted provided that the following conditions are met:
    32                           ; 
    33                           ;     1. Redistributions of source code must retain the above copyright notice, this lis
      +                          t of
    34                           ;        conditions and the following disclaimer.
    35                           ; 
    36                           ;     2. Redistributions in binary form must reproduce the above copyright notice, this 
      +                          list
    37                           ;        of conditions and the following disclaimer in the documentation and/or other
    38                           ;        materials provided with the distribution.
    39                           ; 
    40                           ;     3. Microchip's name may not be used to endorse or promote products derived from th
      +                          is
    41                           ;        software without specific prior written permission.
    42                           ; 
    43                           ; THIS SOFTWARE IS PROVIDED BY MICROCHIP "AS IS" AND ANY EXPRESS OR IMPLIED WARRANTIES,
    44                           ; INCLUDING, BUT NOT LIMITED TO, THE IMPLIED WARRANTIES OF MERCHANTABILITY AND FITNESS F
      +                          OR
    45                           ; PURPOSE ARE DISCLAIMED.  IN NO EVENT SHALL MICROCHIP BE LIABLE FOR ANY DIRECT, INDIREC
      +                          T,
    46                           ; INCIDENTAL, SPECIAL, EXEMPLARY, OR CONSEQUENTIAL DAMAGES (INCLUDING BUT NOT LIMITED TO
    47                           ; PROCUREMENT OF SUBSTITUTE GOODS OR SERVICES; LOSS OF USE, DATA OR PROFITS; OR BUSINESS
    48                           ; INTERRUPTION) HOWSOEVER CAUSED AND ON ANY THEORY OF LIABILITY, WHETHER IN CONTRACT, ST
      +                          RICT
    49                           ; LIABILITY, OR TORT (INCLUDING NEGLIGENCE OR OTHERWISE) ARISING IN ANY WAY OUT OF THE U
      +                          SE OF
    50                           ; THIS SOFTWARE, EVEN IF ADVISED OF THE POSSIBILITY OF SUCH DAMAGE.
    51                           ; 
    52                           ; 
    53                           ; Code-generator required, PIC16F887 Definitions
    54                           ; 
    55                           ; SFR Addresses
    56  0000                     	;# 
    57  0001                     	;# 
    58  0002                     	;# 
    59  0003                     	;# 
    60  0004                     	;# 
    61  0005                     	;# 
    62  0006                     	;# 
    63  0007                     	;# 
    64  0008                     	;# 
    65  0009                     	;# 
    66  000A                     	;# 
    67  000B                     	;# 
    68  000C                     	;# 
    69  000D                     	;# 
    70  000E                     	;# 
    71  000E                     	;# 
    72  000F                     	;# 
    73  0010                     	;# 
    74  0011                     	;# 
    75  0012                     	;# 
    76  0013                     	;# 
    77  0014                     	;# 
    78  0015                     	;# 
    79  0015                     	;# 
    80  0016                     	;# 
    81  0017                     	;# 
    82  0018                     	;# 
    83  0019                     	;# 
    84  001A                     	;# 
    85  001B                     	;# 
    86  001B                     	;# 
    87  001C                     	;# 
    88  001D                     	;# 
    89  001E                     	;# 
    90  001F                     	;# 
    91  0081                     	;# 
    92  0085                     	;# 
    93  0086                     	;# 
    94  0087                     	;# 
    95  0088                     	;# 
    96  0089                     	;# 
    97  008C                     	;# 
    98  008D                     	;# 
    99  008E                     	;# 
   100  008F                     	;# 
   101  0090                     	;# 
   102  0091                     	;# 
   103  0092                     	;# 
   104  0093                     	;# 
   105  0093                     	;# 
   106  0093                     	;# 
   107  0094                     	;# 
   108  0095                     	;# 
   109  0096                     	;# 
   110  0097                     	;# 
   111  0098                     	;# 
   112  0099                     	;# 
   113  009A                     	;# 
   114  009B                     	;# 
   115  009C                     	;# 
   116  009D                     	;# 
   117  009E                     	;# 
   118  009F                     	;# 
   119  0105                     	;# 
   120  0107                     	;# 
   121  0108                     	;# 
   122  0109                     	;# 
   123  010C                     	;# 
   124  010C                     	;# 
   125  010D                     	;# 
   126  010E                     	;# 
   127  010F                     	;# 
   128  0185                     	;# 
   129  0187                     	;# 
   130  0188                     	;# 
   131  0189                     	;# 
   132  018C                     	;# 
   133  018D                     	;# 
   134  0000                     	;# 
   135  0001                     	;# 
   136  0002                     	;# 
   137  0003                     	;# 
   138  0004                     	;# 
   139  0005                     	;# 
   140  0006                     	;# 
   141  0007                     	;# 
   142  0008                     	;# 
   143  0009                     	;# 
   144  000A                     	;# 
   145  000B                     	;# 
   146  000C                     	;# 
   147  000D                     	;# 
   148  000E                     	;# 
   149  000E                     	;# 
   150  000F                     	;# 
   151  0010                     	;# 
   152  0011                     	;# 
   153  0012                     	;# 
   154  0013                     	;# 
   155  0014                     	;# 
   156  0015                     	;# 
   157  0015                     	;# 
   158  0016                     	;# 
   159  0017                     	;# 
   160  0018                     	;# 
   161  0019                     	;# 
   162  001A                     	;# 
   163  001B                     	;# 
   164  001B                     	;# 
   165  001C                     	;# 
   166  001D                     	;# 
   167  001E                     	;# 
   168  001F                     	;# 
   169  0081                     	;# 
   170  0085                     	;# 
   171  0086                     	;# 
   172  0087                     	;# 
   173  0088                     	;# 
   174  0089                     	;# 
   175  008C                     	;# 
   176  008D                     	;# 
   177  008E                     	;# 
   178  008F                     	;# 
   179  0090                     	;# 
   180  0091                     	;# 
   181  0092                     	;# 
   182  0093                     	;# 
   183  0093                     	;# 
   184  0093                     	;# 
   185  0094                     	;# 
   186  0095                     	;# 
   187  0096                     	;# 
   188  0097                     	;# 
   189  0098                     	;# 
   190  0099                     	;# 
   191  009A                     	;# 
   192  009B                     	;# 
   193  009C                     	;# 
   194  009D                     	;# 
   195  009E                     	;# 
   196  009F                     	;# 
   197  0105                     	;# 
   198  0107                     	;# 
   199  0108                     	;# 
   200  0109                     	;# 
   201  010C                     	;# 
   202  010C                     	;# 
   203  010D                     	;# 
   204  010E                     	;# 
   205  010F                     	;# 
   206  0185                     	;# 
   207  0187                     	;# 
   208  0188                     	;# 
   209  0189                     	;# 
   210  018C                     	;# 
   211  018D                     	;# 
   212  0000                     	;# 
   213  0001                     	;# 
   214  0002                     	;# 
   215  0003                     	;# 
   216  0004                     	;# 
   217  0005                     	;# 
   218  0006                     	;# 
   219  0007                     	;# 
   220  0008                     	;# 
   221  0009                     	;# 
   222  000A                     	;# 
   223  000B                     	;# 
   224  000C                     	;# 
   225  000D                     	;# 
   226  000E                     	;# 
   227  000E                     	;# 
   228  000F                     	;# 
   229  0010                     	;# 
   230  0011                     	;# 
   231  0012                     	;# 
   232  0013                     	;# 
   233  0014                     	;# 
   234  0015                     	;# 
   235  0015                     	;# 
   236  0016                     	;# 
   237  0017                     	;# 
   238  0018                     	;# 
   239  0019                     	;# 
   240  001A                     	;# 
   241  001B                     	;# 
   242  001B                     	;# 
   243  001C                     	;# 
   244  001D                     	;# 
   245  001E                     	;# 
   246  001F                     	;# 
   247  0081                     	;# 
   248  0085                     	;# 
   249  0086                     	;# 
   250  0087                     	;# 
   251  0088                     	;# 
   252  0089                     	;# 
   253  008C                     	;# 
   254  008D                     	;# 
   255  008E                     	;# 
   256  008F                     	;# 
   257  0090                     	;# 
   258  0091                     	;# 
   259  0092                     	;# 
   260  0093                     	;# 
   261  0093                     	;# 
   262  0093                     	;# 
   263  0094                     	;# 
   264  0095                     	;# 
   265  0096                     	;# 
   266  0097                     	;# 
   267  0098                     	;# 
   268  0099                     	;# 
   269  009A                     	;# 
   270  009B                     	;# 
   271  009C                     	;# 
   272  009D                     	;# 
   273  009E                     	;# 
   274  009F                     	;# 
   275  0105                     	;# 
   276  0107                     	;# 
   277  0108                     	;# 
   278  0109                     	;# 
   279  010C                     	;# 
   280  010C                     	;# 
   281  010D                     	;# 
   282  010E                     	;# 
   283  010F                     	;# 
   284  0185                     	;# 
   285  0187                     	;# 
   286  0188                     	;# 
   287  0189                     	;# 
   288  018C                     	;# 
   289  018D                     	;# 
   290  0000                     	;# 
   291  0001                     	;# 
   292  0002                     	;# 
   293  0003                     	;# 
   294  0004                     	;# 
   295  0005                     	;# 
   296  0006                     	;# 
   297  0007                     	;# 
   298  0008                     	;# 
   299  0009                     	;# 
   300  000A                     	;# 
   301  000B                     	;# 
   302  000C                     	;# 
   303  000D                     	;# 
   304  000E                     	;# 
   305  000E                     	;# 
   306  000F                     	;# 
   307  0010                     	;# 
   308  0011                     	;# 
   309  0012                     	;# 
   310  0013                     	;# 
   311  0014                     	;# 
   312  0015                     	;# 
   313  0015                     	;# 
   314  0016                     	;# 
   315  0017                     	;# 
   316  0018                     	;# 
   317  0019                     	;# 
   318  001A                     	;# 
   319  001B                     	;# 
   320  001B                     	;# 
   321  001C                     	;# 
   322  001D                     	;# 
   323  001E                     	;# 
   324  001F                     	;# 
   325  0081                     	;# 
   326  0085                     	;# 
   327  0086                     	;# 
   328  0087                     	;# 
   329  0088                     	;# 
   330  0089                     	;# 
   331  008C                     	;# 
   332  008D                     	;# 
   333  008E                     	;# 
   334  008F                     	;# 
   335  0090                     	;# 
   336  0091                     	;# 
   337  0092                     	;# 
   338  0093                     	;# 
   339  0093                     	;# 
   340  0093                     	;# 
   341  0094                     	;# 
   342  0095                     	;# 
   343  0096                     	;# 
   344  0097                     	;# 
   345  0098                     	;# 
   346  0099                     	;# 
   347  009A                     	;# 
   348  009B                     	;# 
   349  009C                     	;# 
   350  009D                     	;# 
   351  009E                     	;# 
   352  009F                     	;# 
   353  0105                     	;# 
   354  0107                     	;# 
   355  0108                     	;# 
   356  0109                     	;# 
   357  010C                     	;# 
   358  010C                     	;# 
   359  010D                     	;# 
   360  010E                     	;# 
   361  010F                     	;# 
   362  0185                     	;# 
   363  0187                     	;# 
   364  0188                     	;# 
   365  0189                     	;# 
   366  018C                     	;# 
   367  018D                     	;# 
   368  0000                     	;# 
   369  0001                     	;# 
   370  0002                     	;# 
   371  0003                     	;# 
   372  0004                     	;# 
   373  0005                     	;# 
   374  0006                     	;# 
   375  0007                     	;# 
   376  0008                     	;# 
   377  0009                     	;# 
   378  000A                     	;# 
   379  000B                     	;# 
   380  000C                     	;# 
   381  000D                     	;# 
   382  000E                     	;# 
   383  000E                     	;# 
   384  000F                     	;# 
   385  0010                     	;# 
   386  0011                     	;# 
   387  0012                     	;# 
   388  0013                     	;# 
   389  0014                     	;# 
   390  0015                     	;# 
   391  0015                     	;# 
   392  0016                     	;# 
   393  0017                     	;# 
   394  0018                     	;# 
   395  0019                     	;# 
   396  001A                     	;# 
   397  001B                     	;# 
   398  001B                     	;# 
   399  001C                     	;# 
   400  001D                     	;# 
   401  001E                     	;# 
   402  001F                     	;# 
   403  0081                     	;# 
   404  0085                     	;# 
   405  0086                     	;# 
   406  0087                     	;# 
   407  0088                     	;# 
   408  0089                     	;# 
   409  008C                     	;# 
   410  008D                     	;# 
   411  008E                     	;# 
   412  008F                     	;# 
   413  0090                     	;# 
   414  0091                     	;# 
   415  0092                     	;# 
   416  0093                     	;# 
   417  0093                     	;# 
   418  0093                     	;# 
   419  0094                     	;# 
   420  0095                     	;# 
   421  0096                     	;# 
   422  0097                     	;# 
   423  0098                     	;# 
   424  0099                     	;# 
   425  009A                     	;# 
   426  009B                     	;# 
   427  009C                     	;# 
   428  009D                     	;# 
   429  009E                     	;# 
   430  009F                     	;# 
   431  0105                     	;# 
   432  0107                     	;# 
   433  0108                     	;# 
   434  0109                     	;# 
   435  010C                     	;# 
   436  010C                     	;# 
   437  010D                     	;# 
   438  010E                     	;# 
   439  010F                     	;# 
   440  0185                     	;# 
   441  0187                     	;# 
   442  0188                     	;# 
   443  0189                     	;# 
   444  018C                     	;# 
   445  018D                     	;# 
   446                           
   447                           	psect	idataCOMMON
   448  010D                     __pidataCOMMON:
   449                           
   450                           ;initializer for _bandera
   451  010D  3401               	retlw	1
   452                           
   453                           	psect	idataBANK0
   454  00EB                     __pidataBANK0:
   455                           
   456                           ;initializer for _tabla
   457  00EB  343F               	retlw	63
   458  00EC  3406               	retlw	6
   459  00ED  345B               	retlw	91
   460  00EE  344F               	retlw	79
   461  00EF  3466               	retlw	102
   462  00F0  346D               	retlw	109
   463  00F1  347D               	retlw	125
   464  00F2  3407               	retlw	7
   465  00F3  347F               	retlw	127
   466  00F4  346F               	retlw	111
   467  00F5  3477               	retlw	119
   468  00F6  347C               	retlw	124
   469  00F7  3439               	retlw	57
   470  00F8  345E               	retlw	94
   471  00F9  3479               	retlw	121
   472  00FA  3471               	retlw	113
   473  001F                     _ADCON0bits	set	31
   474  000B                     _INTCON	set	11
   475  0007                     _PORTCbits	set	7
   476  0006                     _PORTBbits	set	6
   477  000C                     _PIR1bits	set	12
   478  0009                     _PORTEbits	set	9
   479  0001                     _TMR0	set	1
   480  000B                     _INTCONbits	set	11
   481  0009                     _PORTE	set	9
   482  0008                     _PORTD	set	8
   483  0007                     _PORTC	set	7
   484  001F                     _ADCON0	set	31
   485  0081                     _OPTION_REG	set	129
   486  009F                     _ADCON1bits	set	159
   487  008C                     _PIE1bits	set	140
   488  0096                     _IOCBbits	set	150
   489  0089                     _TRISE	set	137
   490  0088                     _TRISD	set	136
   491  0087                     _TRISC	set	135
   492  0086                     _TRISB	set	134
   493  0085                     _TRISA	set	133
   494  0189                     _ANSELH	set	393
   495  0188                     _ANSEL	set	392
   496                           
   497                           	psect	cinit
   498  000F                     start_initialization:	
   499                           ; #config settings
   500                           
   501  000F                     __initialization:
   502                           
   503                           ; Initialize objects allocated to BANK0
   504  000F  1383               	bcf	3,7	;select IRP bank0
   505  0010  3030               	movlw	low (__pdataBANK0+16)
   506  0011  00FD               	movwf	btemp+-1
   507  0012  3000               	movlw	high __pidataBANK0
   508  0013  00FE               	movwf	btemp
   509  0014  30EB               	movlw	low __pidataBANK0
   510  0015  00FF               	movwf	btemp+1
   511  0016  3020               	movlw	low __pdataBANK0
   512  0017  0084               	movwf	4
   513  0018  120A  118A  20DC  120A  118A  	fcall	init_ram0
   514                           
   515                           ; Initialize objects allocated to COMMON
   516  001D  120A  118A  210D  120A  118A  	fcall	__pidataCOMMON	;fetch initializer
   517  0022  00FC               	movwf	__pdataCOMMON& (0+127)
   518                           
   519                           ; Clear objects allocated to COMMON
   520  0023  01F0               	clrf	__pbssCOMMON& (0+127)
   521  0024  01F1               	clrf	(__pbssCOMMON+1)& (0+127)
   522  0025  01F2               	clrf	(__pbssCOMMON+2)& (0+127)
   523  0026  01F3               	clrf	(__pbssCOMMON+3)& (0+127)
   524  0027  01F4               	clrf	(__pbssCOMMON+4)& (0+127)
   525  0028  01F5               	clrf	(__pbssCOMMON+5)& (0+127)
   526  0029                     end_of_initialization:	
   527                           ;End of C runtime variable initialization code
   528                           
   529  0029                     __end_of__initialization:
   530  0029  0183               	clrf	3
   531  002A  120A  118A  2871   	ljmp	_main	;jump to C main() function
   532                           
   533                           	psect	bssCOMMON
   534  0070                     __pbssCOMMON:
   535  0070                     _multiple2:
   536  0070                     	ds	1
   537  0071                     _multiple1:
   538  0071                     	ds	1
   539  0072                     _adc_menos_sig:
   540  0072                     	ds	1
   541  0073                     _adc_mas_sig:
   542  0073                     	ds	1
   543  0074                     _valor_total:
   544  0074                     	ds	1
   545  0075                     _con1:
   546  0075                     	ds	1
   547                           
   548                           	psect	dataCOMMON
   549  007C                     __pdataCOMMON:
   550  007C                     _bandera:
   551  007C                     	ds	1
   552                           
   553                           	psect	dataBANK0
   554  0020                     __pdataBANK0:
   555  0020                     _tabla:
   556  0020                     	ds	16
   557                           
   558                           	psect	inittext
   559  00D8                     init_fetch0:	
   560                           ;	Called with low address in FSR and high address in W
   561                           
   562  00D8  087E               	movf	btemp,w
   563  00D9  008A               	movwf	10
   564  00DA  087F               	movf	btemp+1,w
   565  00DB  0082               	movwf	2
   566  00DC                     init_ram0:	
   567                           ;Called with:
   568                           ;	high address of idata address in btemp 
   569                           ;	low address of idata address in btemp+1 
   570                           ;	low address of data in FSR
   571                           ;	high address + 1 of data in btemp-1
   572                           
   573  00DC  120A  118A  20D8  120A  118A  	fcall	init_fetch0
   574  00E1  0080               	movwf	0
   575  00E2  0A84               	incf	4,f
   576  00E3  0804               	movf	4,w
   577  00E4  067D               	xorwf	btemp+-1,w
   578  00E5  1903               	btfsc	3,2
   579  00E6  3400               	retlw	0
   580  00E7  0AFF               	incf	btemp+1,f
   581  00E8  1903               	btfsc	3,2
   582  00E9  0AFE               	incf	btemp,f
   583  00EA  28DC               	goto	init_ram0
   584                           
   585                           	psect	cstackCOMMON
   586  0076                     __pcstackCOMMON:
   587  0076                     ?_Timer0:
   588  0076                     ?_config_PORTB:	
   589                           ; 1 bytes @ 0x0
   590                           
   591  0076                     ?_config_ADC:	
   592                           ; 1 bytes @ 0x0
   593                           
   594  0076                     ?_Setup:	
   595                           ; 1 bytes @ 0x0
   596                           
   597  0076                     ?_ISR:	
   598                           ; 1 bytes @ 0x0
   599                           
   600  0076                     ??_ISR:	
   601                           ; 1 bytes @ 0x0
   602                           
   603  0076                     ?_main:	
   604                           ; 1 bytes @ 0x0
   605                           
   606                           
   607                           ; 1 bytes @ 0x0
   608  0076                     	ds	3
   609  0079                     ??_Timer0:
   610  0079                     ??_config_PORTB:	
   611                           ; 1 bytes @ 0x3
   612                           
   613  0079                     ??_config_ADC:	
   614                           ; 1 bytes @ 0x3
   615                           
   616  0079                     ??_Setup:	
   617                           ; 1 bytes @ 0x3
   618                           
   619                           
   620                           ; 1 bytes @ 0x3
   621  0079                     	ds	1
   622  007A                     config_ADC@bandera:
   623                           
   624                           ; 1 bytes @ 0x4
   625  007A                     	ds	1
   626  007B                     ??_main:
   627                           
   628                           ; 1 bytes @ 0x5
   629  007B                     	ds	1
   630                           
   631                           	psect	maintext
   632  0071                     __pmaintext:	
   633 ;;
   634 ;;Main: autosize = 0, tempsize = 1, incstack = 0, save=0
   635 ;;
   636 ;; *************** function _main *****************
   637 ;; Defined at:
   638 ;;		line 125 in file "lab2.c"
   639 ;; Parameters:    Size  Location     Type
   640 ;;		None
   641 ;; Auto vars:     Size  Location     Type
   642 ;;		None
   643 ;; Return value:  Size  Location     Type
   644 ;;                  1    wreg      void 
   645 ;; Registers used:
   646 ;;		wreg, fsr0l, fsr0h, status,2, status,0, pclath, cstack
   647 ;; Tracked objects:
   648 ;;		On entry : B00/0
   649 ;;		On exit  : 0/0
   650 ;;		Unchanged: 0/0
   651 ;; Data sizes:     COMMON   BANK0   BANK1   BANK3   BANK2
   652 ;;      Params:         0       0       0       0       0
   653 ;;      Locals:         0       0       0       0       0
   654 ;;      Temps:          1       0       0       0       0
   655 ;;      Totals:         1       0       0       0       0
   656 ;;Total ram usage:        1 bytes
   657 ;; Hardware stack levels required when called:    2
   658 ;; This function calls:
   659 ;;		_Setup
   660 ;;		_Timer0
   661 ;;		_config_ADC
   662 ;;		_config_PORTB
   663 ;; This function is called by:
   664 ;;		Startup code after reset
   665 ;; This function uses a non-reentrant model
   666 ;;
   667                           
   668                           
   669                           ;psect for function _main
   670  0071                     _main:
   671  0071                     l777:	
   672                           ;incstack = 0
   673                           ; Regs used in _main: [wreg-fsr0h+status,2+status,0+pclath+cstack]
   674                           
   675                           
   676                           ;lab2.c: 126:     Setup();
   677  0071  120A  118A  20A6  120A  118A  	fcall	_Setup
   678                           
   679                           ;lab2.c: 127:     Timer0();
   680  0076  120A  118A  20FB  120A  118A  	fcall	_Timer0
   681                           
   682                           ;lab2.c: 128:     config_PORTB();
   683  007B  120A  118A  2106  120A  118A  	fcall	_config_PORTB
   684  0080                     l76:	
   685                           ;lab2.c: 132:     while(1){
   686                           
   687                           
   688                           ;lab2.c: 133:     config_ADC(bandera);
   689  0080  087C               	movf	_bandera,w
   690  0081  120A  118A  20C0  120A  118A  	fcall	_config_ADC
   691  0086                     l779:
   692                           
   693                           ;lab2.c: 134:     multiple2 = tabla[adc_mas_sig];
   694  0086  0873               	movf	_adc_mas_sig,w
   695  0087  3E20               	addlw	(low (_tabla| 0))& (0+255)
   696  0088  0084               	movwf	4
   697  0089  1383               	bcf	3,7	;select IRP bank0
   698  008A  0800               	movf	0,w
   699  008B  00FB               	movwf	??_main
   700  008C  087B               	movf	??_main,w
   701  008D  00F0               	movwf	_multiple2
   702  008E                     l781:
   703                           
   704                           ;lab2.c: 135:     multiple1 = tabla[adc_menos_sig];
   705  008E  0872               	movf	_adc_menos_sig,w
   706  008F  3E20               	addlw	(low (_tabla| 0))& (0+255)
   707  0090  0084               	movwf	4
   708  0091  0800               	movf	0,w
   709  0092  00FB               	movwf	??_main
   710  0093  087B               	movf	??_main,w
   711  0094  00F1               	movwf	_multiple1
   712  0095                     l783:
   713                           
   714                           ;lab2.c: 136:     PORTD = con1;
   715  0095  0875               	movf	_con1,w
   716  0096  1283               	bcf	3,5	;RP0=0, select bank0
   717  0097  1303               	bcf	3,6	;RP1=0, select bank0
   718  0098  0088               	movwf	8	;volatile
   719  0099                     l785:
   720                           
   721                           ;lab2.c: 137:     if(valor_total > con1){
   722  0099  0874               	movf	_valor_total,w
   723  009A  0275               	subwf	_con1,w
   724  009B  1803               	skipnc
   725  009C  289E               	goto	u81
   726  009D  289F               	goto	u80
   727  009E                     u81:
   728  009E  28A1               	goto	l77
   729  009F                     u80:
   730  009F                     l787:
   731                           
   732                           ;lab2.c: 138:         PORTCbits.RC7 = 1;
   733  009F  1787               	bsf	7,7	;volatile
   734                           
   735                           ;lab2.c: 139:     }else{
   736  00A0  2880               	goto	l76
   737  00A1                     l77:
   738                           
   739                           ;lab2.c: 140:         PORTCbits.RC7 = 0;
   740  00A1  1387               	bcf	7,7	;volatile
   741  00A2  2880               	goto	l76
   742  00A3  120A  118A  280C   	ljmp	start
   743  00A6                     __end_of_main:
   744                           
   745                           	psect	text1
   746  0106                     __ptext1:	
   747 ;; *************** function _config_PORTB *****************
   748 ;; Defined at:
   749 ;;		line 5 in file "PORTB.c"
   750 ;; Parameters:    Size  Location     Type
   751 ;;		None
   752 ;; Auto vars:     Size  Location     Type
   753 ;;		None
   754 ;; Return value:  Size  Location     Type
   755 ;;                  1    wreg      void 
   756 ;; Registers used:
   757 ;;		wreg
   758 ;; Tracked objects:
   759 ;;		On entry : 0/0
   760 ;;		On exit  : 0/0
   761 ;;		Unchanged: 0/0
   762 ;; Data sizes:     COMMON   BANK0   BANK1   BANK3   BANK2
   763 ;;      Params:         0       0       0       0       0
   764 ;;      Locals:         0       0       0       0       0
   765 ;;      Temps:          0       0       0       0       0
   766 ;;      Totals:         0       0       0       0       0
   767 ;;Total ram usage:        0 bytes
   768 ;; Hardware stack levels used:    1
   769 ;; Hardware stack levels required when called:    1
   770 ;; This function calls:
   771 ;;		Nothing
   772 ;; This function is called by:
   773 ;;		_main
   774 ;; This function uses a non-reentrant model
   775 ;;
   776                           
   777                           
   778                           ;psect for function _config_PORTB
   779  0106                     _config_PORTB:
   780  0106                     l727:	
   781                           ;incstack = 0
   782                           ; Regs used in _config_PORTB: [wreg]
   783                           
   784                           
   785                           ;PORTB.c: 6:     INTCON = 0b11101000;
   786  0106  30E8               	movlw	232
   787  0107  008B               	movwf	11	;volatile
   788  0108                     l729:
   789                           
   790                           ;PORTB.c: 8:     IOCBbits.IOCB0 =1;
   791  0108  1683               	bsf	3,5	;RP0=1, select bank1
   792  0109  1303               	bcf	3,6	;RP1=0, select bank1
   793  010A  1416               	bsf	22,0	;volatile
   794  010B                     l731:
   795                           
   796                           ;PORTB.c: 9:     IOCBbits.IOCB1 =1;
   797  010B  1496               	bsf	22,1	;volatile
   798  010C                     l88:
   799  010C  0008               	return
   800  010D                     __end_of_config_PORTB:
   801                           
   802                           	psect	text2
   803  00C0                     __ptext2:	
   804 ;; *************** function _config_ADC *****************
   805 ;; Defined at:
   806 ;;		line 6 in file "ADC.c"
   807 ;; Parameters:    Size  Location     Type
   808 ;;  bandera         1    wreg     unsigned char 
   809 ;; Auto vars:     Size  Location     Type
   810 ;;  bandera         1    4[COMMON] unsigned char 
   811 ;; Return value:  Size  Location     Type
   812 ;;                  1    wreg      void 
   813 ;; Registers used:
   814 ;;		wreg, status,2, status,0
   815 ;; Tracked objects:
   816 ;;		On entry : 0/0
   817 ;;		On exit  : 0/0
   818 ;;		Unchanged: 0/0
   819 ;; Data sizes:     COMMON   BANK0   BANK1   BANK3   BANK2
   820 ;;      Params:         0       0       0       0       0
   821 ;;      Locals:         1       0       0       0       0
   822 ;;      Temps:          1       0       0       0       0
   823 ;;      Totals:         2       0       0       0       0
   824 ;;Total ram usage:        2 bytes
   825 ;; Hardware stack levels used:    1
   826 ;; Hardware stack levels required when called:    1
   827 ;; This function calls:
   828 ;;		Nothing
   829 ;; This function is called by:
   830 ;;		_main
   831 ;; This function uses a non-reentrant model
   832 ;;
   833                           
   834                           
   835                           ;psect for function _config_ADC
   836  00C0                     _config_ADC:
   837                           
   838                           ;incstack = 0
   839                           ; Regs used in _config_ADC: [wreg+status,2+status,0]
   840                           ;config_ADC@bandera stored from wreg
   841  00C0  00FA               	movwf	config_ADC@bandera
   842  00C1                     l733:
   843                           
   844                           ;ADC.c: 7:     INTCON = 0b11101000;
   845  00C1  30E8               	movlw	232
   846  00C2  008B               	movwf	11	;volatile
   847  00C3                     l735:
   848                           
   849                           ;ADC.c: 8:     PIR1bits.ADIF = 0;
   850  00C3  1283               	bcf	3,5	;RP0=0, select bank0
   851  00C4  1303               	bcf	3,6	;RP1=0, select bank0
   852  00C5  130C               	bcf	12,6	;volatile
   853  00C6                     l737:
   854                           
   855                           ;ADC.c: 9:     PIE1bits.ADIE = 1;
   856  00C6  1683               	bsf	3,5	;RP0=1, select bank1
   857  00C7  1303               	bcf	3,6	;RP1=0, select bank1
   858  00C8  170C               	bsf	12,6	;volatile
   859  00C9                     l739:
   860                           
   861                           ;ADC.c: 10:     ADCON1bits.ADFM = 0;
   862  00C9  139F               	bcf	31,7	;volatile
   863  00CA                     l741:
   864                           
   865                           ;ADC.c: 11:     if(bandera == 1){
   866  00CA  037A               	decf	config_ADC@bandera,w
   867  00CB  1D03               	btfss	3,2
   868  00CC  28CE               	goto	u11
   869  00CD  28CF               	goto	u10
   870  00CE                     u11:
   871  00CE  28D7               	goto	l104
   872  00CF                     u10:
   873  00CF                     l743:
   874                           
   875                           ;ADC.c: 12:         _delay((unsigned long)((10)*(8000000/4000000.0)));
   876  00CF  3006               	movlw	6
   877  00D0  00F9               	movwf	??_config_ADC
   878  00D1                     u97:
   879  00D1  0BF9               	decfsz	??_config_ADC,f
   880  00D2  28D1               	goto	u97
   881  00D3  0000               	nop
   882  00D4                     l745:
   883  00D4                     l747:
   884                           
   885                           ;ADC.c: 14:         ADCON0bits.GO = 1;
   886  00D4  1283               	bcf	3,5	;RP0=0, select bank0
   887  00D5  1303               	bcf	3,6	;RP1=0, select bank0
   888  00D6  149F               	bsf	31,1	;volatile
   889  00D7                     l104:
   890  00D7  0008               	return
   891  00D8                     __end_of_config_ADC:
   892                           
   893                           	psect	text3
   894  00FB                     __ptext3:	
   895 ;; *************** function _Timer0 *****************
   896 ;; Defined at:
   897 ;;		line 5 in file "Multiplexado.c"
   898 ;; Parameters:    Size  Location     Type
   899 ;;		None
   900 ;; Auto vars:     Size  Location     Type
   901 ;;		None
   902 ;; Return value:  Size  Location     Type
   903 ;;                  1    wreg      void 
   904 ;; Registers used:
   905 ;;		wreg
   906 ;; Tracked objects:
   907 ;;		On entry : 0/0
   908 ;;		On exit  : 0/0
   909 ;;		Unchanged: 0/0
   910 ;; Data sizes:     COMMON   BANK0   BANK1   BANK3   BANK2
   911 ;;      Params:         0       0       0       0       0
   912 ;;      Locals:         0       0       0       0       0
   913 ;;      Temps:          0       0       0       0       0
   914 ;;      Totals:         0       0       0       0       0
   915 ;;Total ram usage:        0 bytes
   916 ;; Hardware stack levels used:    1
   917 ;; Hardware stack levels required when called:    1
   918 ;; This function calls:
   919 ;;		Nothing
   920 ;; This function is called by:
   921 ;;		_main
   922 ;; This function uses a non-reentrant model
   923 ;;
   924                           
   925                           
   926                           ;psect for function _Timer0
   927  00FB                     _Timer0:
   928  00FB                     l725:	
   929                           ;incstack = 0
   930                           ; Regs used in _Timer0: [wreg]
   931                           
   932                           
   933                           ;Multiplexado.c: 6:   OPTION_REG = 0x84;
   934  00FB  3084               	movlw	132
   935  00FC  1683               	bsf	3,5	;RP0=1, select bank1
   936  00FD  1303               	bcf	3,6	;RP1=0, select bank1
   937  00FE  0081               	movwf	1	;volatile
   938                           
   939                           ;Multiplexado.c: 7:   TMR0 = 100;
   940  00FF  3064               	movlw	100
   941  0100  1283               	bcf	3,5	;RP0=0, select bank0
   942  0101  1303               	bcf	3,6	;RP1=0, select bank0
   943  0102  0081               	movwf	1	;volatile
   944                           
   945                           ;Multiplexado.c: 8:   INTCON = 0b11101000;
   946  0103  30E8               	movlw	232
   947  0104  008B               	movwf	11	;volatile
   948  0105                     l113:
   949  0105  0008               	return
   950  0106                     __end_of_Timer0:
   951                           
   952                           	psect	text4
   953  00A6                     __ptext4:	
   954 ;; *************** function _Setup *****************
   955 ;; Defined at:
   956 ;;		line 62 in file "lab2.c"
   957 ;; Parameters:    Size  Location     Type
   958 ;;		None
   959 ;; Auto vars:     Size  Location     Type
   960 ;;		None
   961 ;; Return value:  Size  Location     Type
   962 ;;                  1    wreg      void 
   963 ;; Registers used:
   964 ;;		wreg, status,2
   965 ;; Tracked objects:
   966 ;;		On entry : 0/0
   967 ;;		On exit  : 0/0
   968 ;;		Unchanged: 0/0
   969 ;; Data sizes:     COMMON   BANK0   BANK1   BANK3   BANK2
   970 ;;      Params:         0       0       0       0       0
   971 ;;      Locals:         0       0       0       0       0
   972 ;;      Temps:          0       0       0       0       0
   973 ;;      Totals:         0       0       0       0       0
   974 ;;Total ram usage:        0 bytes
   975 ;; Hardware stack levels used:    1
   976 ;; Hardware stack levels required when called:    1
   977 ;; This function calls:
   978 ;;		Nothing
   979 ;; This function is called by:
   980 ;;		_main
   981 ;; This function uses a non-reentrant model
   982 ;;
   983                           
   984                           
   985                           ;psect for function _Setup
   986  00A6                     _Setup:
   987  00A6                     l705:	
   988                           ;incstack = 0
   989                           ; Regs used in _Setup: [wreg+status,2]
   990                           
   991                           
   992                           ;lab2.c: 63:     ADCON0 = 0b01010101;
   993  00A6  3055               	movlw	85
   994  00A7  1283               	bcf	3,5	;RP0=0, select bank0
   995  00A8  1303               	bcf	3,6	;RP1=0, select bank0
   996  00A9  009F               	movwf	31	;volatile
   997  00AA                     l707:
   998                           
   999                           ;lab2.c: 64:     ANSEL = 0b00000000;
  1000  00AA  1683               	bsf	3,5	;RP0=1, select bank3
  1001  00AB  1703               	bsf	3,6	;RP1=1, select bank3
  1002  00AC  0188               	clrf	8	;volatile
  1003  00AD                     l709:
  1004                           
  1005                           ;lab2.c: 65:     TRISA = 0b00000000;
  1006  00AD  1683               	bsf	3,5	;RP0=1, select bank1
  1007  00AE  1303               	bcf	3,6	;RP1=0, select bank1
  1008  00AF  0185               	clrf	5	;volatile
  1009                           
  1010                           ;lab2.c: 67:     TRISB = 0b00000011;
  1011  00B0  3003               	movlw	3
  1012  00B1  0086               	movwf	6	;volatile
  1013  00B2                     l711:
  1014                           
  1015                           ;lab2.c: 68:     ANSELH = 0b00000000;
  1016  00B2  1683               	bsf	3,5	;RP0=1, select bank3
  1017  00B3  1703               	bsf	3,6	;RP1=1, select bank3
  1018  00B4  0189               	clrf	9	;volatile
  1019  00B5                     l713:
  1020                           
  1021                           ;lab2.c: 71:     TRISC = 0b00000000;
  1022  00B5  1683               	bsf	3,5	;RP0=1, select bank1
  1023  00B6  1303               	bcf	3,6	;RP1=0, select bank1
  1024  00B7  0187               	clrf	7	;volatile
  1025  00B8                     l715:
  1026                           
  1027                           ;lab2.c: 72:     TRISD = 0b00000000;
  1028  00B8  0188               	clrf	8	;volatile
  1029  00B9                     l717:
  1030                           
  1031                           ;lab2.c: 73:     TRISE = 0b00000000;
  1032  00B9  0189               	clrf	9	;volatile
  1033  00BA                     l719:
  1034                           
  1035                           ;lab2.c: 74:     PORTC = 0b00000000;
  1036  00BA  1283               	bcf	3,5	;RP0=0, select bank0
  1037  00BB  1303               	bcf	3,6	;RP1=0, select bank0
  1038  00BC  0187               	clrf	7	;volatile
  1039  00BD                     l721:
  1040                           
  1041                           ;lab2.c: 75:     PORTD = 0b00000000;
  1042  00BD  0188               	clrf	8	;volatile
  1043  00BE                     l723:
  1044                           
  1045                           ;lab2.c: 76:     PORTE = 0b00000000;
  1046  00BE  0189               	clrf	9	;volatile
  1047  00BF                     l59:
  1048  00BF  0008               	return
  1049  00C0                     __end_of_Setup:
  1050                           
  1051                           	psect	text5
  1052  002D                     __ptext5:	
  1053 ;; *************** function _ISR *****************
  1054 ;; Defined at:
  1055 ;;		line 80 in file "lab2.c"
  1056 ;; Parameters:    Size  Location     Type
  1057 ;;		None
  1058 ;; Auto vars:     Size  Location     Type
  1059 ;;		None
  1060 ;; Return value:  Size  Location     Type
  1061 ;;                  1    wreg      void 
  1062 ;; Registers used:
  1063 ;;		wreg, status,2, status,0
  1064 ;; Tracked objects:
  1065 ;;		On entry : 0/0
  1066 ;;		On exit  : 0/0
  1067 ;;		Unchanged: 0/0
  1068 ;; Data sizes:     COMMON   BANK0   BANK1   BANK3   BANK2
  1069 ;;      Params:         0       0       0       0       0
  1070 ;;      Locals:         0       0       0       0       0
  1071 ;;      Temps:          3       0       0       0       0
  1072 ;;      Totals:         3       0       0       0       0
  1073 ;;Total ram usage:        3 bytes
  1074 ;; Hardware stack levels used:    1
  1075 ;; This function calls:
  1076 ;;		Nothing
  1077 ;; This function is called by:
  1078 ;;		Interrupt level 1
  1079 ;; This function uses a non-reentrant model
  1080 ;;
  1081                           
  1082                           
  1083                           ;psect for function _ISR
  1084  002D                     _ISR:
  1085  002D                     i1l749:
  1086                           
  1087                           ;lab2.c: 81:   if (INTCONbits.T0IF == 1){
  1088  002D  1D0B               	btfss	11,2	;volatile
  1089  002E  2830               	goto	u2_21
  1090  002F  2831               	goto	u2_20
  1091  0030                     u2_21:
  1092  0030  2843               	goto	i1l763
  1093  0031                     u2_20:
  1094  0031                     i1l751:
  1095                           
  1096                           ;lab2.c: 82:         TMR0 = 100;
  1097  0031  3064               	movlw	100
  1098  0032  1283               	bcf	3,5	;RP0=0, select bank0
  1099  0033  1303               	bcf	3,6	;RP1=0, select bank0
  1100  0034  0081               	movwf	1	;volatile
  1101  0035                     i1l753:
  1102                           
  1103                           ;lab2.c: 83:         if(PORTEbits.RE0 == 1){
  1104  0035  1C09               	btfss	9,0	;volatile
  1105  0036  2838               	goto	u3_21
  1106  0037  2839               	goto	u3_20
  1107  0038                     u3_21:
  1108  0038  283E               	goto	i1l65
  1109  0039                     u3_20:
  1110  0039                     i1l755:
  1111                           
  1112                           ;lab2.c: 84:             PORTEbits.RE0 = 0;
  1113  0039  1009               	bcf	9,0	;volatile
  1114                           
  1115                           ;lab2.c: 85:             PORTEbits.RE1 = 1;
  1116  003A  1489               	bsf	9,1	;volatile
  1117  003B                     i1l757:
  1118                           
  1119                           ;lab2.c: 86:             PORTC = multiple2;
  1120  003B  0870               	movf	_multiple2,w
  1121  003C  0087               	movwf	7	;volatile
  1122                           
  1123                           ;lab2.c: 88:             }else{
  1124  003D  2842               	goto	i1l761
  1125  003E                     i1l65:
  1126                           
  1127                           ;lab2.c: 89:                 PORTEbits.RE0 = 1;
  1128  003E  1409               	bsf	9,0	;volatile
  1129                           
  1130                           ;lab2.c: 90:                 PORTEbits.RE1 = 0;
  1131  003F  1089               	bcf	9,1	;volatile
  1132  0040                     i1l759:
  1133                           
  1134                           ;lab2.c: 91:                 PORTC = multiple1;
  1135  0040  0871               	movf	_multiple1,w
  1136  0041  0087               	movwf	7	;volatile
  1137  0042                     i1l761:
  1138                           
  1139                           ;lab2.c: 93:     INTCONbits.T0IF = 0;
  1140  0042  110B               	bcf	11,2	;volatile
  1141  0043                     i1l763:
  1142                           
  1143                           ;lab2.c: 95:   if(PIR1bits.ADIF == 1){
  1144  0043  1283               	bcf	3,5	;RP0=0, select bank0
  1145  0044  1303               	bcf	3,6	;RP1=0, select bank0
  1146  0045  1F0C               	btfss	12,6	;volatile
  1147  0046  2848               	goto	u4_21
  1148  0047  2849               	goto	u4_20
  1149  0048                     u4_21:
  1150  0048  2857               	goto	i1l67
  1151  0049                     u4_20:
  1152  0049                     i1l765:
  1153                           
  1154                           ;lab2.c: 96:       bandera = 1;
  1155  0049  01FC               	clrf	_bandera
  1156  004A  0AFC               	incf	_bandera,f
  1157  004B  081E               	movf	30,w	;# 
  1158  004C  00F4               	movwf	_valor_total	;# 
  1159  004D  00F2               	movwf	_adc_menos_sig	;# 
  1160  004E  0E1E               	swapf	30,w	;# 
  1161  004F  390F               	andlw	15	;# 
  1162  0050  00F3               	movwf	_adc_mas_sig	;# 
  1163  0051  0872               	movf	_adc_menos_sig,w	;# 
  1164  0052  390F               	andlw	15	;# 
  1165  0053  00F2               	movwf	_adc_menos_sig	;# 
  1166                           
  1167                           ;lab2.c: 109:      PIR1bits.ADIF = 0;
  1168  0054  1283               	bcf	3,5	;RP0=0, select bank0
  1169  0055  1303               	bcf	3,6	;RP1=0, select bank0
  1170  0056  130C               	bcf	12,6	;volatile
  1171  0057                     i1l67:	
  1172                           ;lab2.c: 110:   }
  1173                           
  1174                           
  1175                           ;lab2.c: 111:   if(INTCONbits.RBIF == 1){
  1176  0057  1C0B               	btfss	11,0	;volatile
  1177  0058  285A               	goto	u5_21
  1178  0059  285B               	goto	u5_20
  1179  005A                     u5_21:
  1180  005A  2869               	goto	i1l775
  1181  005B                     u5_20:
  1182  005B                     i1l767:
  1183                           
  1184                           ;lab2.c: 112:       if(PORTBbits.RB0 == 1){
  1185  005B  1C06               	btfss	6,0	;volatile
  1186  005C  285E               	goto	u6_21
  1187  005D  285F               	goto	u6_20
  1188  005E                     u6_21:
  1189  005E  2863               	goto	i1l771
  1190  005F                     u6_20:
  1191  005F                     i1l769:
  1192                           
  1193                           ;lab2.c: 113:                 con1++;
  1194  005F  3001               	movlw	1
  1195  0060  00F6               	movwf	??_ISR
  1196  0061  0876               	movf	??_ISR,w
  1197  0062  07F5               	addwf	_con1,f
  1198  0063                     i1l771:
  1199                           
  1200                           ;lab2.c: 115:       if(PORTBbits.RB1 == 1){
  1201  0063  1C86               	btfss	6,1	;volatile
  1202  0064  2866               	goto	u7_21
  1203  0065  2867               	goto	u7_20
  1204  0066                     u7_21:
  1205  0066  2869               	goto	i1l775
  1206  0067                     u7_20:
  1207  0067                     i1l773:
  1208                           
  1209                           ;lab2.c: 116:                 con1--;
  1210  0067  3001               	movlw	1
  1211  0068  02F5               	subwf	_con1,f
  1212  0069                     i1l775:
  1213                           
  1214                           ;lab2.c: 119:       INTCONbits.RBIF = 0;
  1215  0069  100B               	bcf	11,0	;volatile
  1216  006A                     i1l71:
  1217  006A  0878               	movf	??_ISR+2,w
  1218  006B  008A               	movwf	10
  1219  006C  0E77               	swapf	??_ISR+1,w
  1220  006D  0083               	movwf	3
  1221  006E  0EFE               	swapf	btemp,f
  1222  006F  0E7E               	swapf	btemp,w
  1223  0070  0009               	retfie
  1224  0071                     __end_of_ISR:
  1225  007E                     btemp	set	126	;btemp
  1226  007E                     wtemp0	set	126
  1227                           
  1228                           	psect	intentry
  1229  0004                     __pintentry:	
  1230                           ;incstack = 0
  1231                           ; Regs used in _ISR: [wreg+status,2+status,0]
  1232                           
  1233  0004                     interrupt_function:
  1234  007E                     saved_w	set	btemp
  1235  0004  00FE               	movwf	btemp
  1236  0005  0E03               	swapf	3,w
  1237  0006  00F7               	movwf	??_ISR+1
  1238  0007  080A               	movf	10,w
  1239  0008  00F8               	movwf	??_ISR+2
  1240  0009  120A  118A  282D   	ljmp	_ISR
  1241                           
  1242                           	psect	config
  1243                           
  1244                           ;Config register CONFIG1 @ 0x2007
  1245                           ;	Oscillator Selection bits
  1246                           ;	FOSC = XT, XT oscillator: Crystal/resonator on RA6/OSC2/CLKOUT and RA7/OSC1/CLKIN
  1247                           ;	Watchdog Timer Enable bit
  1248                           ;	WDTE = OFF, WDT disabled and can be enabled by SWDTEN bit of the WDTCON register
  1249                           ;	Power-up Timer Enable bit
  1250                           ;	PWRTE = OFF, PWRT disabled
  1251                           ;	RE3/MCLR pin function select bit
  1252                           ;	MCLRE = OFF, RE3/MCLR pin function is digital input, MCLR internally tied to VDD
  1253                           ;	Code Protection bit
  1254                           ;	CP = OFF, Program memory code protection is disabled
  1255                           ;	Data Code Protection bit
  1256                           ;	CPD = OFF, Data memory code protection is disabled
  1257                           ;	Brown Out Reset Selection bits
  1258                           ;	BOREN = OFF, BOR disabled
  1259                           ;	Internal External Switchover bit
  1260                           ;	IESO = OFF, Internal/External Switchover mode is disabled
  1261                           ;	Fail-Safe Clock Monitor Enabled bit
  1262                           ;	FCMEN = OFF, Fail-Safe Clock Monitor is disabled
  1263                           ;	Low Voltage Programming Enable bit
  1264                           ;	LVP = OFF, RB3 pin has digital I/O, HV on MCLR must be used for programming
  1265                           ;	In-Circuit Debugger Mode bit
  1266                           ;	DEBUG = 0x1, unprogrammed default
  1267  2007                     	org	8199
  1268  2007  20D1               	dw	8401
  1269                           
  1270                           ;Config register CONFIG2 @ 0x2008
  1271                           ;	Brown-out Reset Selection bit
  1272                           ;	BOR4V = BOR40V, Brown-out Reset set to 4.0V
  1273                           ;	Flash Program Memory Self Write Enable bits
  1274                           ;	WRT = OFF, Write protection off
  1275  2008                     	org	8200
  1276  2008  3FFF               	dw	16383

Data Sizes:
    Strings     0
    Constant    0
    Data        17
    BSS         6
    Persistent  0
    Stack       0

Auto Spaces:
    Space          Size  Autos    Used
    COMMON           14      6      13
    BANK0            80      0      16
    BANK1            80      0       0
    BANK3            96      0       0
    BANK2            96      0       0

Pointer List with Targets:

    None.

Critical Paths under _main in COMMON

    _main->_config_ADC

Critical Paths under _ISR in COMMON

    None.

Critical Paths under _main in BANK0

    None.

Critical Paths under _ISR in BANK0

    None.

Critical Paths under _main in BANK1

    None.

Critical Paths under _ISR in BANK1

    None.

Critical Paths under _main in BANK3

    None.

Critical Paths under _ISR in BANK3

    None.

Critical Paths under _main in BANK2

    None.

Critical Paths under _ISR in BANK2

    None.

Call Graph Tables:

 ---------------------------------------------------------------------------------
 (Depth) Function   	        Calls       Base Space   Used Autos Params    Refs
 ---------------------------------------------------------------------------------
 (0) _main                                                 1     1      0      15
                                              5 COMMON     1     1      0
                              _Setup
                             _Timer0
                         _config_ADC
                       _config_PORTB
 ---------------------------------------------------------------------------------
 (1) _config_PORTB                                         0     0      0       0
 ---------------------------------------------------------------------------------
 (1) _config_ADC                                           2     2      0      15
                                              3 COMMON     2     2      0
 ---------------------------------------------------------------------------------
 (1) _Timer0                                               0     0      0       0
 ---------------------------------------------------------------------------------
 (1) _Setup                                                0     0      0       0
 ---------------------------------------------------------------------------------
 Estimated maximum stack depth 1
 ---------------------------------------------------------------------------------
 (Depth) Function   	        Calls       Base Space   Used Autos Params    Refs
 ---------------------------------------------------------------------------------
 (2) _ISR                                                  3     3      0       0
                                              0 COMMON     3     3      0
 ---------------------------------------------------------------------------------
 Estimated maximum stack depth 2
 ---------------------------------------------------------------------------------

 Call Graph Graphs:

 _main (ROOT)
   _Setup
   _Timer0
   _config_ADC
   _config_PORTB

 _ISR (ROOT)

 Address spaces:
Name               Size   Autos  Total    Cost      Usage
BANK3               60      0       0       9        0.0%
BITBANK3            60      0       0       8        0.0%
SFR3                 0      0       0       4        0.0%
BITSFR3              0      0       0       4        0.0%
BANK2               60      0       0      11        0.0%
BITBANK2            60      0       0      10        0.0%
SFR2                 0      0       0       5        0.0%
BITSFR2              0      0       0       5        0.0%
BANK1               50      0       0       7        0.0%
BITBANK1            50      0       0       6        0.0%
SFR1                 0      0       0       2        0.0%
BITSFR1              0      0       0       2        0.0%
BANK0               50      0      10       5       20.0%
BITBANK0            50      0       0       4        0.0%
SFR0                 0      0       0       1        0.0%
BITSFR0              0      0       0       1        0.0%
COMMON               E      6       D       1       92.9%
BITCOMMON            E      0       0       0        0.0%
CODE                 0      0       0       0        0.0%
DATA                 0      0      1D      12        0.0%
ABS                  0      0      1D       3        0.0%
NULL                 0      0       0       0        0.0%
STACK                0      0       0       2        0.0%
EEDATA             100      0       0       0        0.0%


Microchip Technology PIC Macro Assembler V2.31 build 20201012212115 
Symbol Table                                                                                   Wed Feb 03 20:00:35 2021

                      pc 0002                       l59 00BF                       l76 0080  
                     l77 00A1                       l88 010C                       u10 00CF  
                     u11 00CE                       u80 009F                       u81 009E  
                     u97 00D1                       fsr 0004                      l104 00D7  
                    l113 0105                      l711 00B2                      l721 00BD  
                    l713 00B5                      l705 00A6                      l723 00BE  
                    l715 00B8                      l707 00AA                      l731 010B  
                    l717 00B9                      l709 00AD                      l725 00FB  
                    l741 00CA                      l733 00C1                      l719 00BA  
                    l743 00CF                      l735 00C3                      l727 0106  
                    l745 00D4                      l737 00C6                      l729 0108  
                    l747 00D4                      l739 00C9                      l781 008E  
                    l783 0095                      l785 0099                      l777 0071  
                    l787 009F                      l779 0086                      _ISR 002D  
                    fsr0 0004                      indf 0000                     ?_ISR 0076  
         ??_config_PORTB 0079                     i1l71 006A                     i1l65 003E  
                   i1l67 0057                     _TMR0 0001                     u2_20 0031  
                   u2_21 0030                     u3_20 0039                     u3_21 0038  
                   u4_20 0049                     u4_21 0048                     u5_20 005B  
                   u5_21 005A                     u6_20 005F                     u6_21 005E  
                   u7_20 0067                     u7_21 0066                     _con1 0075  
                   _main 0071                     btemp 007E                     start 000C  
                  ??_ISR 0076                    ADRESH 001E                    ?_main 0076  
                  _ANSEL 0188                    i1l751 0031                    i1l761 0042  
                  i1l753 0035                    i1l771 0063                    i1l755 0039  
                  i1l763 0043                    i1l773 0067                    i1l765 0049  
                  i1l757 003B                    i1l749 002D                    i1l767 005B  
                  i1l775 0069                    i1l759 0040                    i1l769 005F  
                  _PORTC 0007                    _PORTD 0008                    _PORTE 0009  
                  _TRISA 0085                    _TRISB 0086                    _TRISC 0087  
                  _TRISD 0088                    _TRISE 0089                    _Setup 00A6  
                  _tabla 0020                    pclath 000A                    status 0003  
                  wtemp0 007E          __initialization 000F             __end_of_main 00A6  
                 ??_main 007B                   ?_Setup 0076                   _ADCON0 001F  
                 _ANSELH 0189                   _INTCON 000B                   _Timer0 00FB  
          _adc_menos_sig 0072     __end_of_config_PORTB 010D             __pdataCOMMON 007C  
                 saved_w 007E  __end_of__initialization 0029           __pcstackCOMMON 0076  
          __end_of_Setup 00C0             __pidataBANK0 00EB                  ??_Setup 0079  
                ?_Timer0 0076               __pmaintext 0071               __pintentry 0004  
             _config_ADC 00C0    __size_of_config_PORTB 0007          __size_of_Timer0 000B  
                _bandera 007C                  __ptext1 0106                  __ptext2 00C0  
                __ptext3 00FB                  __ptext4 00A6                  __ptext5 002D  
           __size_of_ISR 0044     end_of_initialization 0029             _config_PORTB 0106  
              _PORTBbits 0006                _PORTCbits 0007                _PORTEbits 0009  
            ?_config_ADC 0076           __end_of_Timer0 0106              _adc_mas_sig 0073  
          __pidataCOMMON 010D      start_initialization 000F              __end_of_ISR 0071  
    __size_of_config_ADC 0018                 ??_Timer0 0079               init_fetch0 00D8  
            __pdataBANK0 0020              __pbssCOMMON 0070                ___latbits 0002  
      config_ADC@bandera 007A           __size_of_Setup 001A        interrupt_function 0004  
               _IOCBbits 0096                 _PIE1bits 008C                 _PIR1bits 000C  
              _multiple1 0071                _multiple2 0070               _ADCON0bits 001F  
             _ADCON1bits 009F             ??_config_ADC 0079       __end_of_config_ADC 00D8  
          __size_of_main 0035               _INTCONbits 000B                 init_ram0 00DC  
               intlevel1 0000               _OPTION_REG 0081              _valor_total 0074  
          ?_config_PORTB 0076  
