

Microchip MPLAB XC8 Assembler V2.31 build 20201012212115 
                                                                                               Thu Jan 28 17:23:00 2021

Microchip MPLAB XC8 C Compiler v2.31 (Free license) build 20201012212115 Og1 
     1                           	processor	16F887
     2                           	pagewidth 120
     3                           	opt	flic
     4                           	psect	idataBANK0,global,class=CODE,delta=2,noexec
     5                           	psect	cinit,global,class=CODE,merge=1,delta=2
     6                           	psect	bssCOMMON,global,class=COMMON,space=1,delta=1,noexec
     7                           	psect	dataBANK0,global,class=BANK0,space=1,delta=1,noexec
     8                           	psect	inittext,global,class=CODE,delta=2
     9                           	psect	cstackCOMMON,global,class=COMMON,space=1,delta=1,noexec
    10                           	psect	maintext,global,class=CODE,split=1,delta=2
    11                           	psect	text1,local,class=CODE,merge=1,delta=2
    12                           	psect	text2,local,class=CODE,merge=1,delta=2
    13                           	psect	text3,local,class=CODE,merge=1,delta=2
    14                           	psect	text4,local,class=CODE,merge=1,delta=2
    15                           	psect	config,global,abs,ovrld,class=CONFIG,space=4,delta=2,noexec
    16                           	dabs	1,0x7E,2
    17  0000                     
    18                           ; Version 2.20
    19                           ; Generated 12/02/2020 GMT
    20                           ; 
    21                           ; Copyright © 2020, Microchip Technology Inc. and its subsidiaries ("Microchip")
    22                           ; All rights reserved.
    23                           ; 
    24                           ; This software is developed by Microchip Technology Inc. and its subsidiaries ("Microch
      +                          ip").
    25                           ; 
    26                           ; Redistribution and use in source and binary forms, with or without modification, are
    27                           ; permitted provided that the following conditions are met:
    28                           ; 
    29                           ;     1. Redistributions of source code must retain the above copyright notice, this lis
      +                          t of
    30                           ;        conditions and the following disclaimer.
    31                           ; 
    32                           ;     2. Redistributions in binary form must reproduce the above copyright notice, this 
      +                          list
    33                           ;        of conditions and the following disclaimer in the documentation and/or other
    34                           ;        materials provided with the distribution.
    35                           ; 
    36                           ;     3. Microchip's name may not be used to endorse or promote products derived from th
      +                          is
    37                           ;        software without specific prior written permission.
    38                           ; 
    39                           ; THIS SOFTWARE IS PROVIDED BY MICROCHIP "AS IS" AND ANY EXPRESS OR IMPLIED WARRANTIES,
    40                           ; INCLUDING, BUT NOT LIMITED TO, THE IMPLIED WARRANTIES OF MERCHANTABILITY AND FITNESS F
      +                          OR
    41                           ; PURPOSE ARE DISCLAIMED.  IN NO EVENT SHALL MICROCHIP BE LIABLE FOR ANY DIRECT, INDIREC
      +                          T,
    42                           ; INCIDENTAL, SPECIAL, EXEMPLARY, OR CONSEQUENTIAL DAMAGES (INCLUDING BUT NOT LIMITED TO
    43                           ; PROCUREMENT OF SUBSTITUTE GOODS OR SERVICES; LOSS OF USE, DATA OR PROFITS; OR BUSINESS
    44                           ; INTERRUPTION) HOWSOEVER CAUSED AND ON ANY THEORY OF LIABILITY, WHETHER IN CONTRACT, ST
      +                          RICT
    45                           ; LIABILITY, OR TORT (INCLUDING NEGLIGENCE OR OTHERWISE) ARISING IN ANY WAY OUT OF THE U
      +                          SE OF
    46                           ; THIS SOFTWARE, EVEN IF ADVISED OF THE POSSIBILITY OF SUCH DAMAGE.
    47                           ; 
    48                           ; 
    49                           ; Code-generator required, PIC16F887 Definitions
    50                           ; 
    51                           ; SFR Addresses
    52  0000                     	;# 
    53  0001                     	;# 
    54  0002                     	;# 
    55  0003                     	;# 
    56  0004                     	;# 
    57  0005                     	;# 
    58  0006                     	;# 
    59  0007                     	;# 
    60  0008                     	;# 
    61  0009                     	;# 
    62  000A                     	;# 
    63  000B                     	;# 
    64  000C                     	;# 
    65  000D                     	;# 
    66  000E                     	;# 
    67  000E                     	;# 
    68  000F                     	;# 
    69  0010                     	;# 
    70  0011                     	;# 
    71  0012                     	;# 
    72  0013                     	;# 
    73  0014                     	;# 
    74  0015                     	;# 
    75  0015                     	;# 
    76  0016                     	;# 
    77  0017                     	;# 
    78  0018                     	;# 
    79  0019                     	;# 
    80  001A                     	;# 
    81  001B                     	;# 
    82  001B                     	;# 
    83  001C                     	;# 
    84  001D                     	;# 
    85  001E                     	;# 
    86  001F                     	;# 
    87  0081                     	;# 
    88  0085                     	;# 
    89  0086                     	;# 
    90  0087                     	;# 
    91  0088                     	;# 
    92  0089                     	;# 
    93  008C                     	;# 
    94  008D                     	;# 
    95  008E                     	;# 
    96  008F                     	;# 
    97  0090                     	;# 
    98  0091                     	;# 
    99  0092                     	;# 
   100  0093                     	;# 
   101  0093                     	;# 
   102  0093                     	;# 
   103  0094                     	;# 
   104  0095                     	;# 
   105  0096                     	;# 
   106  0097                     	;# 
   107  0098                     	;# 
   108  0099                     	;# 
   109  009A                     	;# 
   110  009B                     	;# 
   111  009C                     	;# 
   112  009D                     	;# 
   113  009E                     	;# 
   114  009F                     	;# 
   115  0105                     	;# 
   116  0107                     	;# 
   117  0108                     	;# 
   118  0109                     	;# 
   119  010C                     	;# 
   120  010C                     	;# 
   121  010D                     	;# 
   122  010E                     	;# 
   123  010F                     	;# 
   124  0185                     	;# 
   125  0187                     	;# 
   126  0188                     	;# 
   127  0189                     	;# 
   128  018C                     	;# 
   129  018D                     	;# 
   130  0000                     	;# 
   131  0001                     	;# 
   132  0002                     	;# 
   133  0003                     	;# 
   134  0004                     	;# 
   135  0005                     	;# 
   136  0006                     	;# 
   137  0007                     	;# 
   138  0008                     	;# 
   139  0009                     	;# 
   140  000A                     	;# 
   141  000B                     	;# 
   142  000C                     	;# 
   143  000D                     	;# 
   144  000E                     	;# 
   145  000E                     	;# 
   146  000F                     	;# 
   147  0010                     	;# 
   148  0011                     	;# 
   149  0012                     	;# 
   150  0013                     	;# 
   151  0014                     	;# 
   152  0015                     	;# 
   153  0015                     	;# 
   154  0016                     	;# 
   155  0017                     	;# 
   156  0018                     	;# 
   157  0019                     	;# 
   158  001A                     	;# 
   159  001B                     	;# 
   160  001B                     	;# 
   161  001C                     	;# 
   162  001D                     	;# 
   163  001E                     	;# 
   164  001F                     	;# 
   165  0081                     	;# 
   166  0085                     	;# 
   167  0086                     	;# 
   168  0087                     	;# 
   169  0088                     	;# 
   170  0089                     	;# 
   171  008C                     	;# 
   172  008D                     	;# 
   173  008E                     	;# 
   174  008F                     	;# 
   175  0090                     	;# 
   176  0091                     	;# 
   177  0092                     	;# 
   178  0093                     	;# 
   179  0093                     	;# 
   180  0093                     	;# 
   181  0094                     	;# 
   182  0095                     	;# 
   183  0096                     	;# 
   184  0097                     	;# 
   185  0098                     	;# 
   186  0099                     	;# 
   187  009A                     	;# 
   188  009B                     	;# 
   189  009C                     	;# 
   190  009D                     	;# 
   191  009E                     	;# 
   192  009F                     	;# 
   193  0105                     	;# 
   194  0107                     	;# 
   195  0108                     	;# 
   196  0109                     	;# 
   197  010C                     	;# 
   198  010C                     	;# 
   199  010D                     	;# 
   200  010E                     	;# 
   201  010F                     	;# 
   202  0185                     	;# 
   203  0187                     	;# 
   204  0188                     	;# 
   205  0189                     	;# 
   206  018C                     	;# 
   207  018D                     	;# 
   208                           
   209                           	psect	idataBANK0
   210  06BD                     __pidataBANK0:
   211                           
   212                           ;initializer for _LED2
   213  06BD  3480               	retlw	128
   214  06BE  3440               	retlw	64
   215  06BF  3420               	retlw	32
   216  06C0  3410               	retlw	16
   217  06C1  3408               	retlw	8
   218  06C2  3404               	retlw	4
   219  06C3  3402               	retlw	2
   220  06C4  3401               	retlw	1
   221                           
   222                           ;initializer for _LED1
   223  06C5  3480               	retlw	128
   224  06C6  3440               	retlw	64
   225  06C7  3420               	retlw	32
   226  06C8  3410               	retlw	16
   227  06C9  3408               	retlw	8
   228  06CA  3404               	retlw	4
   229  06CB  3402               	retlw	2
   230  06CC  3401               	retlw	1
   231  0009                     _PORTEbits	set	9
   232  0008                     _PORTD	set	8
   233  0007                     _PORTC	set	7
   234  0006                     _PORTB	set	6
   235  0005                     _PORTAbits	set	5
   236  0009                     _PORTE	set	9
   237  0088                     _TRISDbits	set	136
   238  0087                     _TRISCbits	set	135
   239  0086                     _TRISBbits	set	134
   240  0089                     _TRISEbits	set	137
   241  0189                     _ANSELH	set	393
   242  0188                     _ANSEL	set	392
   243                           
   244                           	psect	cinit
   245  07EC                     start_initialization:	
   246                           ; #config settings
   247                           
   248  07EC                     __initialization:
   249                           
   250                           ; Initialize objects allocated to BANK0
   251  07EC  1383               	bcf	3,7	;select IRP bank0
   252  07ED  3030               	movlw	low (__pdataBANK0+16)
   253  07EE  00FD               	movwf	btemp+-1
   254  07EF  3006               	movlw	high __pidataBANK0
   255  07F0  00FE               	movwf	btemp
   256  07F1  30BD               	movlw	low __pidataBANK0
   257  07F2  00FF               	movwf	btemp+1
   258  07F3  3020               	movlw	low __pdataBANK0
   259  07F4  0084               	movwf	4
   260  07F5  120A  118A  26D1  120A  118A  	fcall	init_ram0
   261                           
   262                           ; Clear objects allocated to COMMON
   263  07FA  01F6               	clrf	__pbssCOMMON& (0+127)
   264  07FB  01F7               	clrf	(__pbssCOMMON+1)& (0+127)
   265  07FC                     end_of_initialization:	
   266                           ;End of C runtime variable initialization code
   267                           
   268  07FC                     __end_of__initialization:
   269  07FC  0183               	clrf	3
   270  07FD  120A  118A  2F26   	ljmp	_main	;jump to C main() function
   271                           
   272                           	psect	bssCOMMON
   273  0076                     __pbssCOMMON:
   274  0076                     _Jugador2:
   275  0076                     	ds	1
   276  0077                     _Jugador1:
   277  0077                     	ds	1
   278                           
   279                           	psect	dataBANK0
   280  0020                     __pdataBANK0:
   281  0020                     _LED2:
   282  0020                     	ds	8
   283  0028                     _LED1:
   284  0028                     	ds	8
   285                           
   286                           	psect	inittext
   287  06CD                     init_fetch0:	
   288                           ;	Called with low address in FSR and high address in W
   289                           
   290  06CD  087E               	movf	btemp,w
   291  06CE  008A               	movwf	10
   292  06CF  087F               	movf	btemp+1,w
   293  06D0  0082               	movwf	2
   294  06D1                     init_ram0:	
   295                           ;Called with:
   296                           ;	high address of idata address in btemp 
   297                           ;	low address of idata address in btemp+1 
   298                           ;	low address of data in FSR
   299                           ;	high address + 1 of data in btemp-1
   300                           
   301  06D1  120A  118A  26CD  120A  118A  	fcall	init_fetch0
   302  06D6  0080               	movwf	0
   303  06D7  0A84               	incf	4,f
   304  06D8  0804               	movf	4,w
   305  06D9  067D               	xorwf	btemp+-1,w
   306  06DA  1903               	btfsc	3,2
   307  06DB  3400               	retlw	0
   308  06DC  0AFF               	incf	btemp+1,f
   309  06DD  1903               	btfsc	3,2
   310  06DE  0AFE               	incf	btemp,f
   311  06DF  2ED1               	goto	init_ram0
   312                           
   313                           	psect	cstackCOMMON
   314  0070                     __pcstackCOMMON:
   315  0070                     ?_Setup:
   316  0070                     ??_Setup:	
   317                           ; 1 bytes @ 0x0
   318                           
   319  0070                     ?_Semaforo:	
   320                           ; 1 bytes @ 0x0
   321                           
   322  0070                     ??_Semaforo:	
   323                           ; 1 bytes @ 0x0
   324                           
   325  0070                     ?_ganador:	
   326                           ; 1 bytes @ 0x0
   327                           
   328  0070                     ??_ganador:	
   329                           ; 1 bytes @ 0x0
   330                           
   331  0070                     ?_main:	
   332                           ; 1 bytes @ 0x0
   333                           
   334  0070                     ?_carrerita:	
   335                           ; 1 bytes @ 0x0
   336                           
   337  0070                     carrerita@C:	
   338                           ; 2 bytes @ 0x0
   339                           
   340                           
   341                           ; 2 bytes @ 0x0
   342  0070                     	ds	2
   343  0072                     ??_carrerita:
   344                           
   345                           ; 1 bytes @ 0x2
   346  0072                     	ds	2
   347  0074                     ??_main:
   348                           
   349                           ; 1 bytes @ 0x4
   350  0074                     	ds	2
   351                           
   352                           	psect	maintext
   353  0726                     __pmaintext:	
   354 ;;
   355 ;;Main: autosize = 0, tempsize = 2, incstack = 0, save=0
   356 ;;
   357 ;; *************** function _main *****************
   358 ;; Defined at:
   359 ;;		line 166 in file "lab1.c"
   360 ;; Parameters:    Size  Location     Type
   361 ;;		None
   362 ;; Auto vars:     Size  Location     Type
   363 ;;		None
   364 ;; Return value:  Size  Location     Type
   365 ;;                  1    wreg      void 
   366 ;; Registers used:
   367 ;;		wreg, fsr0l, fsr0h, status,2, status,0, pclath, cstack
   368 ;; Tracked objects:
   369 ;;		On entry : B00/0
   370 ;;		On exit  : 0/0
   371 ;;		Unchanged: 0/0
   372 ;; Data sizes:     COMMON   BANK0   BANK1   BANK3   BANK2
   373 ;;      Params:         0       0       0       0       0
   374 ;;      Locals:         0       0       0       0       0
   375 ;;      Temps:          2       0       0       0       0
   376 ;;      Totals:         2       0       0       0       0
   377 ;;Total ram usage:        2 bytes
   378 ;; Hardware stack levels required when called:    1
   379 ;; This function calls:
   380 ;;		_Semaforo
   381 ;;		_Setup
   382 ;;		_carrerita
   383 ;;		_ganador
   384 ;; This function is called by:
   385 ;;		Startup code after reset
   386 ;; This function uses a non-reentrant model
   387 ;;
   388                           
   389                           
   390                           ;psect for function _main
   391  0726                     _main:
   392  0726                     l830:	
   393                           ;incstack = 0
   394                           ; Regs used in _main: [wreg-fsr0h+status,2+status,0+pclath+cstack]
   395                           
   396                           
   397                           ;lab1.c: 167:     Setup();
   398  0726  120A  118A  26F5  120A  118A  	fcall	_Setup
   399  072B                     l832:
   400                           
   401                           ;lab1.c: 176:         if(PORTAbits.RA0 == 0){
   402  072B  1283               	bcf	3,5	;RP0=0, select bank0
   403  072C  1303               	bcf	3,6	;RP1=0, select bank0
   404  072D  1805               	btfsc	5,0	;volatile
   405  072E  2F30               	goto	u191
   406  072F  2F31               	goto	u190
   407  0730                     u191:
   408  0730  2F2B               	goto	l832
   409  0731                     u190:
   410  0731                     l834:
   411                           
   412                           ;lab1.c: 177:             _delay((unsigned long)((50)*(8000000/4000.0)));
   413  0731  3082               	movlw	130
   414  0732  00F5               	movwf	??_main+1
   415  0733  30DD               	movlw	221
   416  0734  00F4               	movwf	??_main
   417  0735                     u217:
   418  0735  0BF4               	decfsz	??_main,f
   419  0736  2F35               	goto	u217
   420  0737  0BF5               	decfsz	??_main+1,f
   421  0738  2F35               	goto	u217
   422  0739  2F3A               	nop2
   423  073A                     l836:
   424                           
   425                           ;lab1.c: 178:             if (PORTAbits.RA0 == 1){
   426  073A  1283               	bcf	3,5	;RP0=0, select bank0
   427  073B  1303               	bcf	3,6	;RP1=0, select bank0
   428  073C  1C05               	btfss	5,0	;volatile
   429  073D  2F3F               	goto	u201
   430  073E  2F40               	goto	u200
   431  073F                     u201:
   432  073F  2F2B               	goto	l832
   433  0740                     u200:
   434  0740                     l838:
   435                           
   436                           ;lab1.c: 179:             Semaforo();
   437  0740  120A  118A  2757  120A  118A  	fcall	_Semaforo
   438                           
   439                           ;lab1.c: 180:             carrerita(1);
   440  0745  3001               	movlw	1
   441  0746  00F0               	movwf	carrerita@C
   442  0747  3000               	movlw	0
   443  0748  00F1               	movwf	carrerita@C+1
   444  0749  120A  118A  279A  120A  118A  	fcall	_carrerita
   445  074E                     l840:
   446                           
   447                           ;lab1.c: 181:             ganador();
   448  074E  120A  118A  26E0  120A  118A  	fcall	_ganador
   449  0753  2F2B               	goto	l832
   450  0754  120A  118A  2800   	ljmp	start
   451  0757                     __end_of_main:
   452                           
   453                           	psect	text1
   454  06E0                     __ptext1:	
   455 ;; *************** function _ganador *****************
   456 ;; Defined at:
   457 ;;		line 153 in file "lab1.c"
   458 ;; Parameters:    Size  Location     Type
   459 ;;		None
   460 ;; Auto vars:     Size  Location     Type
   461 ;;		None
   462 ;; Return value:  Size  Location     Type
   463 ;;                  1    wreg      void 
   464 ;; Registers used:
   465 ;;		wreg, status,2, status,0
   466 ;; Tracked objects:
   467 ;;		On entry : 0/0
   468 ;;		On exit  : 0/0
   469 ;;		Unchanged: 0/0
   470 ;; Data sizes:     COMMON   BANK0   BANK1   BANK3   BANK2
   471 ;;      Params:         0       0       0       0       0
   472 ;;      Locals:         0       0       0       0       0
   473 ;;      Temps:          0       0       0       0       0
   474 ;;      Totals:         0       0       0       0       0
   475 ;;Total ram usage:        0 bytes
   476 ;; Hardware stack levels used:    1
   477 ;; This function calls:
   478 ;;		Nothing
   479 ;; This function is called by:
   480 ;;		_main
   481 ;; This function uses a non-reentrant model
   482 ;;
   483                           
   484                           
   485                           ;psect for function _ganador
   486  06E0                     _ganador:
   487  06E0                     l760:	
   488                           ;incstack = 0
   489                           ; Regs used in _ganador: [wreg+status,2+status,0]
   490                           
   491                           
   492                           ;lab1.c: 154:         if (Jugador1 == 8){
   493  06E0  3008               	movlw	8
   494  06E1  0677               	xorwf	_Jugador1,w
   495  06E2  1D03               	btfss	3,2
   496  06E3  2EE5               	goto	u81
   497  06E4  2EE6               	goto	u80
   498  06E5                     u81:
   499  06E5  2EEA               	goto	l764
   500  06E6                     u80:
   501  06E6                     l762:
   502                           
   503                           ;lab1.c: 155:             PORTB = 0b00000001;
   504  06E6  3001               	movlw	1
   505  06E7  1283               	bcf	3,5	;RP0=0, select bank0
   506  06E8  1303               	bcf	3,6	;RP1=0, select bank0
   507  06E9  0086               	movwf	6	;volatile
   508  06EA                     l764:
   509                           
   510                           ;lab1.c: 157:         if (Jugador2 == 8){
   511  06EA  3008               	movlw	8
   512  06EB  0676               	xorwf	_Jugador2,w
   513  06EC  1D03               	btfss	3,2
   514  06ED  2EEF               	goto	u91
   515  06EE  2EF0               	goto	u90
   516  06EF                     u91:
   517  06EF  2EF4               	goto	l58
   518  06F0                     u90:
   519  06F0                     l766:
   520                           
   521                           ;lab1.c: 158:             PORTB = 0b00000010;
   522  06F0  3002               	movlw	2
   523  06F1  1283               	bcf	3,5	;RP0=0, select bank0
   524  06F2  1303               	bcf	3,6	;RP1=0, select bank0
   525  06F3  0086               	movwf	6	;volatile
   526  06F4                     l58:
   527  06F4  0008               	return
   528  06F5                     __end_of_ganador:
   529                           
   530                           	psect	text2
   531  079A                     __ptext2:	
   532 ;; *************** function _carrerita *****************
   533 ;; Defined at:
   534 ;;		line 120 in file "lab1.c"
   535 ;; Parameters:    Size  Location     Type
   536 ;;  C               2    0[COMMON] unsigned int 
   537 ;; Auto vars:     Size  Location     Type
   538 ;;		None
   539 ;; Return value:  Size  Location     Type
   540 ;;                  2    0[COMMON] int 
   541 ;; Registers used:
   542 ;;		wreg, fsr0l, fsr0h, status,2, status,0
   543 ;; Tracked objects:
   544 ;;		On entry : 0/0
   545 ;;		On exit  : 0/0
   546 ;;		Unchanged: 0/0
   547 ;; Data sizes:     COMMON   BANK0   BANK1   BANK3   BANK2
   548 ;;      Params:         2       0       0       0       0
   549 ;;      Locals:         0       0       0       0       0
   550 ;;      Temps:          2       0       0       0       0
   551 ;;      Totals:         4       0       0       0       0
   552 ;;Total ram usage:        4 bytes
   553 ;; Hardware stack levels used:    1
   554 ;; This function calls:
   555 ;;		Nothing
   556 ;; This function is called by:
   557 ;;		_main
   558 ;; This function uses a non-reentrant model
   559 ;;
   560                           
   561                           
   562                           ;psect for function _carrerita
   563  079A                     _carrerita:
   564  079A                     l804:	
   565                           ;incstack = 0
   566                           ; Regs used in _carrerita: [wreg-fsr0h+status,2+status,0]
   567                           
   568                           
   569                           ;lab1.c: 121:         if (C == 1){
   570  079A  0370               	decf	carrerita@C,w
   571  079B  0471               	iorwf	carrerita@C+1,w
   572  079C  1D03               	btfss	3,2
   573  079D  2F9F               	goto	u121
   574  079E  2FA0               	goto	u120
   575  079F                     u121:
   576  079F  2FEB               	goto	l48
   577  07A0                     u120:
   578  07A0                     l44:	
   579                           ;lab1.c: 122:             while(1){
   580                           
   581                           
   582                           ;lab1.c: 123:             if (PORTAbits.RA1 == 0){
   583  07A0  1283               	bcf	3,5	;RP0=0, select bank0
   584  07A1  1303               	bcf	3,6	;RP1=0, select bank0
   585  07A2  1885               	btfsc	5,1	;volatile
   586  07A3  2FA5               	goto	u131
   587  07A4  2FA6               	goto	u130
   588  07A5                     u131:
   589  07A5  2FC6               	goto	l45
   590  07A6                     u130:
   591  07A6                     l806:
   592                           
   593                           ;lab1.c: 124:                 _delay((unsigned long)((50)*(8000000/4000.0)));
   594  07A6  3082               	movlw	130
   595  07A7  00F3               	movwf	??_carrerita+1
   596  07A8  30DD               	movlw	221
   597  07A9  00F2               	movwf	??_carrerita
   598  07AA                     u227:
   599  07AA  0BF2               	decfsz	??_carrerita,f
   600  07AB  2FAA               	goto	u227
   601  07AC  0BF3               	decfsz	??_carrerita+1,f
   602  07AD  2FAA               	goto	u227
   603  07AE  2FAF               	nop2
   604  07AF                     l808:
   605                           
   606                           ;lab1.c: 125:                 if (PORTAbits.RA1 == 1){
   607  07AF  1283               	bcf	3,5	;RP0=0, select bank0
   608  07B0  1303               	bcf	3,6	;RP1=0, select bank0
   609  07B1  1C85               	btfss	5,1	;volatile
   610  07B2  2FB4               	goto	u141
   611  07B3  2FB5               	goto	u140
   612  07B4                     u141:
   613  07B4  2FC6               	goto	l45
   614  07B5                     u140:
   615  07B5                     l810:
   616                           
   617                           ;lab1.c: 127:                      Jugador1++;
   618  07B5  3001               	movlw	1
   619  07B6  00F2               	movwf	??_carrerita
   620  07B7  0872               	movf	??_carrerita,w
   621  07B8  07F7               	addwf	_Jugador1,f
   622  07B9                     l812:
   623                           
   624                           ;lab1.c: 128:                      PORTC = LED1[Jugador1];
   625  07B9  0877               	movf	_Jugador1,w
   626  07BA  3E28               	addlw	(low (_LED1| 0))& (0+255)
   627  07BB  0084               	movwf	4
   628  07BC  1383               	bcf	3,7	;select IRP bank0
   629  07BD  0800               	movf	0,w
   630  07BE  0087               	movwf	7	;volatile
   631  07BF                     l814:
   632                           
   633                           ;lab1.c: 129:                      if (Jugador1 == 8){
   634  07BF  3008               	movlw	8
   635  07C0  0677               	xorwf	_Jugador1,w
   636  07C1  1D03               	btfss	3,2
   637  07C2  2FC4               	goto	u151
   638  07C3  2FC5               	goto	u150
   639  07C4                     u151:
   640  07C4  2FC6               	goto	l45
   641  07C5                     u150:
   642  07C5  2FEB               	goto	l48
   643  07C6                     l45:	
   644                           ;lab1.c: 133:                 }
   645                           
   646                           
   647                           ;lab1.c: 134:             if (PORTAbits.RA2 == 0){
   648  07C6  1905               	btfsc	5,2	;volatile
   649  07C7  2FC9               	goto	u161
   650  07C8  2FCA               	goto	u160
   651  07C9                     u161:
   652  07C9  2FA0               	goto	l44
   653  07CA                     u160:
   654  07CA                     l818:
   655                           
   656                           ;lab1.c: 135:                 _delay((unsigned long)((50)*(8000000/4000.0)));
   657  07CA  3082               	movlw	130
   658  07CB  00F3               	movwf	??_carrerita+1
   659  07CC  30DD               	movlw	221
   660  07CD  00F2               	movwf	??_carrerita
   661  07CE                     u237:
   662  07CE  0BF2               	decfsz	??_carrerita,f
   663  07CF  2FCE               	goto	u237
   664  07D0  0BF3               	decfsz	??_carrerita+1,f
   665  07D1  2FCE               	goto	u237
   666  07D2  2FD3               	nop2
   667  07D3                     l820:
   668                           
   669                           ;lab1.c: 136:                 if (PORTAbits.RA2 == 1){
   670  07D3  1283               	bcf	3,5	;RP0=0, select bank0
   671  07D4  1303               	bcf	3,6	;RP1=0, select bank0
   672  07D5  1D05               	btfss	5,2	;volatile
   673  07D6  2FD8               	goto	u171
   674  07D7  2FD9               	goto	u170
   675  07D8                     u171:
   676  07D8  2FA0               	goto	l44
   677  07D9                     u170:
   678  07D9                     l822:
   679                           
   680                           ;lab1.c: 138:                      Jugador2++;
   681  07D9  3001               	movlw	1
   682  07DA  00F2               	movwf	??_carrerita
   683  07DB  0872               	movf	??_carrerita,w
   684  07DC  07F6               	addwf	_Jugador2,f
   685  07DD                     l824:
   686                           
   687                           ;lab1.c: 139:                      PORTD = LED2[Jugador2];
   688  07DD  0876               	movf	_Jugador2,w
   689  07DE  3E20               	addlw	(low (_LED2| 0))& (0+255)
   690  07DF  0084               	movwf	4
   691  07E0  1383               	bcf	3,7	;select IRP bank0
   692  07E1  0800               	movf	0,w
   693  07E2  0088               	movwf	8	;volatile
   694  07E3                     l826:
   695                           
   696                           ;lab1.c: 140:                      if (Jugador2 == 8){
   697  07E3  3008               	movlw	8
   698  07E4  0676               	xorwf	_Jugador2,w
   699  07E5  1D03               	btfss	3,2
   700  07E6  2FE8               	goto	u181
   701  07E7  2FE9               	goto	u180
   702  07E8                     u181:
   703  07E8  2FEA               	goto	l49
   704  07E9                     u180:
   705  07E9  2FEB               	goto	l48
   706  07EA                     l49:	
   707                           ;lab1.c: 144:                 }
   708                           
   709  07EA  2FA0               	goto	l44
   710  07EB                     l48:
   711  07EB  0008               	return
   712  07EC                     __end_of_carrerita:
   713                           
   714                           	psect	text3
   715  06F5                     __ptext3:	
   716 ;; *************** function _Setup *****************
   717 ;; Defined at:
   718 ;;		line 48 in file "lab1.c"
   719 ;; Parameters:    Size  Location     Type
   720 ;;		None
   721 ;; Auto vars:     Size  Location     Type
   722 ;;		None
   723 ;; Return value:  Size  Location     Type
   724 ;;                  1    wreg      void 
   725 ;; Registers used:
   726 ;;		status,2
   727 ;; Tracked objects:
   728 ;;		On entry : 0/0
   729 ;;		On exit  : 0/0
   730 ;;		Unchanged: 0/0
   731 ;; Data sizes:     COMMON   BANK0   BANK1   BANK3   BANK2
   732 ;;      Params:         0       0       0       0       0
   733 ;;      Locals:         0       0       0       0       0
   734 ;;      Temps:          0       0       0       0       0
   735 ;;      Totals:         0       0       0       0       0
   736 ;;Total ram usage:        0 bytes
   737 ;; Hardware stack levels used:    1
   738 ;; This function calls:
   739 ;;		Nothing
   740 ;; This function is called by:
   741 ;;		_main
   742 ;; This function uses a non-reentrant model
   743 ;;
   744                           
   745                           
   746                           ;psect for function _Setup
   747  06F5                     _Setup:
   748  06F5                     l660:	
   749                           ;incstack = 0
   750                           ; Regs used in _Setup: [status,2]
   751                           
   752                           
   753                           ;lab1.c: 49:     ANSEL = 0;
   754  06F5  1683               	bsf	3,5	;RP0=1, select bank3
   755  06F6  1703               	bsf	3,6	;RP1=1, select bank3
   756  06F7  0188               	clrf	8	;volatile
   757                           
   758                           ;lab1.c: 50:     ANSELH = 0;
   759  06F8  0189               	clrf	9	;volatile
   760  06F9                     l662:
   761                           
   762                           ;lab1.c: 52:     TRISEbits.TRISE0 = 0;
   763  06F9  1683               	bsf	3,5	;RP0=1, select bank1
   764  06FA  1303               	bcf	3,6	;RP1=0, select bank1
   765  06FB  1009               	bcf	9,0	;volatile
   766  06FC                     l664:
   767                           
   768                           ;lab1.c: 53:     TRISEbits.TRISE1 = 0;
   769  06FC  1089               	bcf	9,1	;volatile
   770  06FD                     l666:
   771                           
   772                           ;lab1.c: 54:     TRISEbits.TRISE2 = 0;
   773  06FD  1109               	bcf	9,2	;volatile
   774                           
   775                           ;lab1.c: 55:     PORTE = 0;
   776  06FE  1283               	bcf	3,5	;RP0=0, select bank0
   777  06FF  1303               	bcf	3,6	;RP1=0, select bank0
   778  0700  0189               	clrf	9	;volatile
   779  0701                     l668:
   780                           
   781                           ;lab1.c: 59:     PORTAbits.RA1 = 1;
   782  0701  1485               	bsf	5,1	;volatile
   783  0702                     l670:
   784                           
   785                           ;lab1.c: 60:     PORTAbits.RA2 = 1;
   786  0702  1505               	bsf	5,2	;volatile
   787  0703                     l672:
   788                           
   789                           ;lab1.c: 61:     PORTAbits.RA3 = 1;
   790  0703  1585               	bsf	5,3	;volatile
   791  0704                     l674:
   792                           
   793                           ;lab1.c: 65:     TRISBbits.TRISB0 = 0;
   794  0704  1683               	bsf	3,5	;RP0=1, select bank1
   795  0705  1303               	bcf	3,6	;RP1=0, select bank1
   796  0706  1006               	bcf	6,0	;volatile
   797  0707                     l676:
   798                           
   799                           ;lab1.c: 66:     TRISBbits.TRISB1 = 0;
   800  0707  1086               	bcf	6,1	;volatile
   801                           
   802                           ;lab1.c: 67:     PORTB = 0;
   803  0708  1283               	bcf	3,5	;RP0=0, select bank0
   804  0709  1303               	bcf	3,6	;RP1=0, select bank0
   805  070A  0186               	clrf	6	;volatile
   806  070B                     l678:
   807                           
   808                           ;lab1.c: 70:     TRISCbits.TRISC0 = 0;
   809  070B  1683               	bsf	3,5	;RP0=1, select bank1
   810  070C  1303               	bcf	3,6	;RP1=0, select bank1
   811  070D  1007               	bcf	7,0	;volatile
   812  070E                     l680:
   813                           
   814                           ;lab1.c: 71:     TRISCbits.TRISC1 = 0;
   815  070E  1087               	bcf	7,1	;volatile
   816  070F                     l682:
   817                           
   818                           ;lab1.c: 72:     TRISCbits.TRISC2 = 0;
   819  070F  1107               	bcf	7,2	;volatile
   820  0710                     l684:
   821                           
   822                           ;lab1.c: 73:     TRISCbits.TRISC3 = 0;
   823  0710  1187               	bcf	7,3	;volatile
   824  0711                     l686:
   825                           
   826                           ;lab1.c: 74:     TRISCbits.TRISC4 = 0;
   827  0711  1207               	bcf	7,4	;volatile
   828  0712                     l688:
   829                           
   830                           ;lab1.c: 75:     TRISCbits.TRISC5 = 0;
   831  0712  1287               	bcf	7,5	;volatile
   832  0713                     l690:
   833                           
   834                           ;lab1.c: 76:     TRISCbits.TRISC6 = 0;
   835  0713  1307               	bcf	7,6	;volatile
   836  0714                     l692:
   837                           
   838                           ;lab1.c: 77:     TRISCbits.TRISC7 = 0;
   839  0714  1387               	bcf	7,7	;volatile
   840                           
   841                           ;lab1.c: 78:     PORTC = 0;
   842  0715  1283               	bcf	3,5	;RP0=0, select bank0
   843  0716  1303               	bcf	3,6	;RP1=0, select bank0
   844  0717  0187               	clrf	7	;volatile
   845  0718                     l694:
   846                           
   847                           ;lab1.c: 81:     TRISDbits.TRISD0 = 0;
   848  0718  1683               	bsf	3,5	;RP0=1, select bank1
   849  0719  1303               	bcf	3,6	;RP1=0, select bank1
   850  071A  1008               	bcf	8,0	;volatile
   851  071B                     l696:
   852                           
   853                           ;lab1.c: 82:     TRISDbits.TRISD1 = 0;
   854  071B  1088               	bcf	8,1	;volatile
   855  071C                     l698:
   856                           
   857                           ;lab1.c: 83:     TRISDbits.TRISD2 = 0;
   858  071C  1108               	bcf	8,2	;volatile
   859  071D                     l700:
   860                           
   861                           ;lab1.c: 84:     TRISDbits.TRISD3 = 0;
   862  071D  1188               	bcf	8,3	;volatile
   863  071E                     l702:
   864                           
   865                           ;lab1.c: 85:     TRISDbits.TRISD4 = 0;
   866  071E  1208               	bcf	8,4	;volatile
   867  071F                     l704:
   868                           
   869                           ;lab1.c: 86:     TRISDbits.TRISD5 = 0;
   870  071F  1288               	bcf	8,5	;volatile
   871  0720                     l706:
   872                           
   873                           ;lab1.c: 87:     TRISDbits.TRISD6 = 0;
   874  0720  1308               	bcf	8,6	;volatile
   875  0721                     l708:
   876                           
   877                           ;lab1.c: 88:     TRISDbits.TRISD7 = 0;
   878  0721  1388               	bcf	8,7	;volatile
   879                           
   880                           ;lab1.c: 89:     PORTD = 0;
   881  0722  1283               	bcf	3,5	;RP0=0, select bank0
   882  0723  1303               	bcf	3,6	;RP1=0, select bank0
   883  0724  0188               	clrf	8	;volatile
   884  0725                     l37:
   885  0725  0008               	return
   886  0726                     __end_of_Setup:
   887                           
   888                           	psect	text4
   889  0757                     __ptext4:	
   890 ;; *************** function _Semaforo *****************
   891 ;; Defined at:
   892 ;;		line 94 in file "lab1.c"
   893 ;; Parameters:    Size  Location     Type
   894 ;;		None
   895 ;; Auto vars:     Size  Location     Type
   896 ;;		None
   897 ;; Return value:  Size  Location     Type
   898 ;;                  1    wreg      void 
   899 ;; Registers used:
   900 ;;		wreg, fsr0l, fsr0h, status,2, status,0
   901 ;; Tracked objects:
   902 ;;		On entry : 0/0
   903 ;;		On exit  : 0/0
   904 ;;		Unchanged: 0/0
   905 ;; Data sizes:     COMMON   BANK0   BANK1   BANK3   BANK2
   906 ;;      Params:         0       0       0       0       0
   907 ;;      Locals:         0       0       0       0       0
   908 ;;      Temps:          3       0       0       0       0
   909 ;;      Totals:         3       0       0       0       0
   910 ;;Total ram usage:        3 bytes
   911 ;; Hardware stack levels used:    1
   912 ;; This function calls:
   913 ;;		Nothing
   914 ;; This function is called by:
   915 ;;		_main
   916 ;; This function uses a non-reentrant model
   917 ;;
   918                           
   919                           
   920                           ;psect for function _Semaforo
   921  0757                     _Semaforo:
   922  0757                     l780:	
   923                           ;incstack = 0
   924                           ; Regs used in _Semaforo: [wreg-fsr0h+status,2+status,0]
   925                           
   926                           
   927                           ;lab1.c: 95:     Jugador1 = 0;
   928  0757  01F7               	clrf	_Jugador1
   929                           
   930                           ;lab1.c: 96:     Jugador2 = 0;
   931  0758  01F6               	clrf	_Jugador2
   932  0759                     l782:
   933                           
   934                           ;lab1.c: 97:     PORTD = LED2[Jugador2];
   935  0759  0876               	movf	_Jugador2,w
   936  075A  3E20               	addlw	(low (_LED2| 0))& (0+255)
   937  075B  0084               	movwf	4
   938  075C  1383               	bcf	3,7	;select IRP bank0
   939  075D  0800               	movf	0,w
   940  075E  1283               	bcf	3,5	;RP0=0, select bank0
   941  075F  1303               	bcf	3,6	;RP1=0, select bank0
   942  0760  0088               	movwf	8	;volatile
   943  0761                     l784:
   944                           
   945                           ;lab1.c: 98:     PORTC = LED1[Jugador1];
   946  0761  0877               	movf	_Jugador1,w
   947  0762  3E28               	addlw	(low (_LED1| 0))& (0+255)
   948  0763  0084               	movwf	4
   949  0764  0800               	movf	0,w
   950  0765  0087               	movwf	7	;volatile
   951  0766                     l786:
   952                           
   953                           ;lab1.c: 100:     PORTEbits.RE0 = 1;
   954  0766  1409               	bsf	9,0	;volatile
   955  0767                     l788:
   956                           
   957                           ;lab1.c: 101:      _delay((unsigned long)((250)*(8000000/4000.0)));
   958  0767  3003               	movlw	3
   959  0768  00F2               	movwf	??_Semaforo+2
   960  0769  308A               	movlw	138
   961  076A  00F1               	movwf	??_Semaforo+1
   962  076B  3055               	movlw	85
   963  076C  00F0               	movwf	??_Semaforo
   964  076D                     u247:
   965  076D  0BF0               	decfsz	??_Semaforo,f
   966  076E  2F6D               	goto	u247
   967  076F  0BF1               	decfsz	??_Semaforo+1,f
   968  0770  2F6D               	goto	u247
   969  0771  0BF2               	decfsz	??_Semaforo+2,f
   970  0772  2F6D               	goto	u247
   971  0773  2F74               	nop2
   972  0774                     l790:
   973                           
   974                           ;lab1.c: 102:      PORTEbits.RE0 = 0;
   975  0774  1283               	bcf	3,5	;RP0=0, select bank0
   976  0775  1303               	bcf	3,6	;RP1=0, select bank0
   977  0776  1009               	bcf	9,0	;volatile
   978  0777                     l792:
   979                           
   980                           ;lab1.c: 104:      PORTEbits.RE1 = 1;
   981  0777  1489               	bsf	9,1	;volatile
   982  0778                     l794:
   983                           
   984                           ;lab1.c: 105:      _delay((unsigned long)((250)*(8000000/4000.0)));
   985  0778  3003               	movlw	3
   986  0779  00F2               	movwf	??_Semaforo+2
   987  077A  308A               	movlw	138
   988  077B  00F1               	movwf	??_Semaforo+1
   989  077C  3055               	movlw	85
   990  077D  00F0               	movwf	??_Semaforo
   991  077E                     u257:
   992  077E  0BF0               	decfsz	??_Semaforo,f
   993  077F  2F7E               	goto	u257
   994  0780  0BF1               	decfsz	??_Semaforo+1,f
   995  0781  2F7E               	goto	u257
   996  0782  0BF2               	decfsz	??_Semaforo+2,f
   997  0783  2F7E               	goto	u257
   998  0784  2F85               	nop2
   999  0785                     l796:
  1000                           
  1001                           ;lab1.c: 106:      PORTEbits.RE1 = 0;
  1002  0785  1283               	bcf	3,5	;RP0=0, select bank0
  1003  0786  1303               	bcf	3,6	;RP1=0, select bank0
  1004  0787  1089               	bcf	9,1	;volatile
  1005  0788                     l798:
  1006                           
  1007                           ;lab1.c: 108:      PORTEbits.RE2 = 1;
  1008  0788  1509               	bsf	9,2	;volatile
  1009  0789                     l800:
  1010                           
  1011                           ;lab1.c: 109:      _delay((unsigned long)((250)*(8000000/4000.0)));
  1012  0789  3003               	movlw	3
  1013  078A  00F2               	movwf	??_Semaforo+2
  1014  078B  308A               	movlw	138
  1015  078C  00F1               	movwf	??_Semaforo+1
  1016  078D  3055               	movlw	85
  1017  078E  00F0               	movwf	??_Semaforo
  1018  078F                     u267:
  1019  078F  0BF0               	decfsz	??_Semaforo,f
  1020  0790  2F8F               	goto	u267
  1021  0791  0BF1               	decfsz	??_Semaforo+1,f
  1022  0792  2F8F               	goto	u267
  1023  0793  0BF2               	decfsz	??_Semaforo+2,f
  1024  0794  2F8F               	goto	u267
  1025  0795  2F96               	nop2
  1026  0796                     l802:
  1027                           
  1028                           ;lab1.c: 110:      PORTEbits.RE2 = 0;
  1029  0796  1283               	bcf	3,5	;RP0=0, select bank0
  1030  0797  1303               	bcf	3,6	;RP1=0, select bank0
  1031  0798  1109               	bcf	9,2	;volatile
  1032  0799                     l40:
  1033  0799  0008               	return
  1034  079A                     __end_of_Semaforo:
  1035  007E                     btemp	set	126	;btemp
  1036  007E                     wtemp0	set	126
  1037                           
  1038                           	psect	config
  1039                           
  1040                           ;Config register CONFIG1 @ 0x2007
  1041                           ;	Oscillator Selection bits
  1042                           ;	FOSC = XT, XT oscillator: Crystal/resonator on RA6/OSC2/CLKOUT and RA7/OSC1/CLKIN
  1043                           ;	Watchdog Timer Enable bit
  1044                           ;	WDTE = OFF, WDT disabled and can be enabled by SWDTEN bit of the WDTCON register
  1045                           ;	Power-up Timer Enable bit
  1046                           ;	PWRTE = OFF, PWRT disabled
  1047                           ;	RE3/MCLR pin function select bit
  1048                           ;	MCLRE = OFF, RE3/MCLR pin function is digital input, MCLR internally tied to VDD
  1049                           ;	Code Protection bit
  1050                           ;	CP = OFF, Program memory code protection is disabled
  1051                           ;	Data Code Protection bit
  1052                           ;	CPD = OFF, Data memory code protection is disabled
  1053                           ;	Brown Out Reset Selection bits
  1054                           ;	BOREN = OFF, BOR disabled
  1055                           ;	Internal External Switchover bit
  1056                           ;	IESO = OFF, Internal/External Switchover mode is disabled
  1057                           ;	Fail-Safe Clock Monitor Enabled bit
  1058                           ;	FCMEN = OFF, Fail-Safe Clock Monitor is disabled
  1059                           ;	Low Voltage Programming Enable bit
  1060                           ;	LVP = OFF, RB3 pin has digital I/O, HV on MCLR must be used for programming
  1061                           ;	In-Circuit Debugger Mode bit
  1062                           ;	DEBUG = 0x1, unprogrammed default
  1063  2007                     	org	8199
  1064  2007  20D1               	dw	8401
  1065                           
  1066                           ;Config register CONFIG2 @ 0x2008
  1067                           ;	Brown-out Reset Selection bit
  1068                           ;	BOR4V = BOR40V, Brown-out Reset set to 4.0V
  1069                           ;	Flash Program Memory Self Write Enable bits
  1070                           ;	WRT = OFF, Write protection off
  1071  2008                     	org	8200
  1072  2008  3FFF               	dw	16383

Data Sizes:
    Strings     0
    Constant    0
    Data        16
    BSS         2
    Persistent  0
    Stack       0

Auto Spaces:
    Space          Size  Autos    Used
    COMMON           14      6       8
    BANK0            80      0      16
    BANK1            80      0       0
    BANK3            96      0       0
    BANK2            96      0       0

Pointer List with Targets:

    None.

Critical Paths under _main in COMMON

    _main->_carrerita

Critical Paths under _main in BANK0

    None.

Critical Paths under _main in BANK1

    None.

Critical Paths under _main in BANK3

    None.

Critical Paths under _main in BANK2

    None.

Call Graph Tables:

 ---------------------------------------------------------------------------------
 (Depth) Function   	        Calls       Base Space   Used Autos Params    Refs
 ---------------------------------------------------------------------------------
 (0) _main                                                 2     2      0      98
                                              4 COMMON     2     2      0
                           _Semaforo
                              _Setup
                          _carrerita
                            _ganador
 ---------------------------------------------------------------------------------
 (1) _ganador                                              0     0      0       0
 ---------------------------------------------------------------------------------
 (1) _carrerita                                            4     2      2      98
                                              0 COMMON     4     2      2
 ---------------------------------------------------------------------------------
 (1) _Setup                                                0     0      0       0
 ---------------------------------------------------------------------------------
 (1) _Semaforo                                             3     3      0       0
                                              0 COMMON     3     3      0
 ---------------------------------------------------------------------------------
 Estimated maximum stack depth 1
 ---------------------------------------------------------------------------------

 Call Graph Graphs:

 _main (ROOT)
   _Semaforo
   _Setup
   _carrerita
   _ganador

 Address spaces:
Name               Size   Autos  Total    Cost      Usage
BANK3               60      0       0       9        0.0%
BITBANK3            60      0       0       8        0.0%
SFR3                 0      0       0       4        0.0%
BITSFR3              0      0       0       4        0.0%
BANK2               60      0       0      11        0.0%
BITBANK2            60      0       0      10        0.0%
SFR2                 0      0       0       5        0.0%
BITSFR2              0      0       0       5        0.0%
BANK1               50      0       0       7        0.0%
BITBANK1            50      0       0       6        0.0%
SFR1                 0      0       0       2        0.0%
BITSFR1              0      0       0       2        0.0%
BANK0               50      0      10       5       20.0%
BITBANK0            50      0       0       4        0.0%
SFR0                 0      0       0       1        0.0%
BITSFR0              0      0       0       1        0.0%
COMMON               E      6       8       1       57.1%
BITCOMMON            E      0       0       0        0.0%
CODE                 0      0       0       0        0.0%
DATA                 0      0      18      12        0.0%
ABS                  0      0      18       3        0.0%
NULL                 0      0       0       0        0.0%
STACK                0      0       0       2        0.0%
EEDATA             100      0       0       0        0.0%


Microchip Technology PIC Macro Assembler V2.31 build 20201012212115 
Symbol Table                                                                                   Thu Jan 28 17:23:00 2021

                      pc 0002                       l40 0799                       l44 07A0  
                     l37 0725                       l45 07C6                       l48 07EB  
                     l49 07EA                       l58 06F4                       u80 06E6  
                     u81 06E5                       u90 06F0                       u91 06EF  
                     fsr 0004                      l700 071D                      l702 071E  
                    l800 0789                      l704 071F                      l802 0796  
                    l706 0720                      l810 07B5                      l708 0721  
                    l660 06F5                      l820 07D3                      l812 07B9  
                    l804 079A                      l670 0702                      l662 06F9  
                    l822 07D9                      l814 07BF                      l806 07A6  
                    l830 0726                      l680 070E                      l672 0703  
                    l664 06FC                      l824 07DD                      l808 07AF  
                    l760 06E0                      l840 074E                      l832 072B  
                    l690 0713                      l682 070F                      l674 0704  
                    l666 06FD                      l826 07E3                      l818 07CA  
                    l762 06E6                      l834 0731                      l780 0757  
                    l692 0714                      l684 0710                      l676 0707  
                    l668 0701                      l764 06EA                      l836 073A  
                    l790 0774                      l782 0759                      l694 0718  
                    l686 0711                      l678 070B                      l766 06F0  
                    l838 0740                      l792 0777                      l784 0761  
                    l696 071B                      l688 0712                      l794 0778  
                    l786 0766                      l698 071C                      l796 0785  
                    l788 0767                      l798 0788                      u120 07A0  
                    u200 0740                      u121 079F                      u201 073F  
                    u130 07A6                      u131 07A5                      u140 07B5  
                    u141 07B4                      u150 07C5                      u151 07C4  
                    u160 07CA                      u161 07C9                      u217 0735  
                    u170 07D9                      u171 07D8                      u227 07AA  
                    u180 07E9                      u181 07E8                      u237 07CE  
                    u190 0731                      u247 076D                      u191 0730  
                    u257 077E                      u267 078F                      fsr0 0004  
                    indf 0000                     _LED1 0028                     _LED2 0020  
                   _main 0726                     btemp 007E                     start 0000  
                  ?_main 0070                    _ANSEL 0188                    _PORTB 0006  
                  _PORTC 0007                    _PORTD 0008                    _PORTE 0009  
        __end_of_ganador 06F5                    _Setup 06F5                    pclath 000A  
                  status 0003                    wtemp0 007E          __initialization 07EC  
           __end_of_main 0757                   ??_main 0074         __end_of_Semaforo 079A  
                 ?_Setup 0070                   _ANSELH 0189                ??_ganador 0070  
__end_of__initialization 07FC           __pcstackCOMMON 0070            __end_of_Setup 0726  
           __pidataBANK0 06BD       __size_of_carrerita 0052                  ??_Setup 0070  
              ?_Semaforo 0070               __pmaintext 0726        __end_of_carrerita 07EC  
             ??_Semaforo 0070                  _ganador 06E0                  __ptext1 06E0  
                __ptext2 079A                  __ptext3 06F5                  __ptext4 0757  
             carrerita@C 0070     end_of_initialization 07FC                _PORTAbits 0005  
              _PORTEbits 0009                _TRISBbits 0086                _TRISCbits 0087  
              _TRISDbits 0088                _TRISEbits 0089      start_initialization 07EC  
      __size_of_Semaforo 0043               init_fetch0 06CD              __pdataBANK0 0020  
            __pbssCOMMON 0076                ___latbits 0002                _carrerita 079A  
               ?_ganador 0070           __size_of_Setup 0031               ?_carrerita 0070  
               _Jugador1 0077                 _Jugador2 0076                 _Semaforo 0757  
       __size_of_ganador 0015            __size_of_main 0031              ??_carrerita 0072  
               init_ram0 06D1  
